[2025-07-24T04:25:35.481Z][INFO] Command-line: /home/crookedshaft/Unity/Hub/Editor/6000.0.41f1/Editor/Data/Resources/PackageManager/Server/UnityPackageManager -s 400670 -ipc -ipc-path /tmp/Unity-Upm-400670.sock -l 2
[2025-07-24T04:25:35.485Z][INFO] IPC server started (IPC path=/tmp/Unity-Upm-400670.sock).
[2025-07-24T04:25:35.485Z][INFO] Hint: To connect to this UPM instance, launch Unity with the command-line parameter -upmIpcPath Upm-400670.
[2025-07-24T04:25:39.967Z][INFO] project:resolve-packages <-- Request received
params: {}
[2025-07-24T04:25:40.198Z][INFO] Downloading package [com.unity.package-manager.metadata-6000.0@0.0.92] from registry 'https://packages.unity.com'
[2025-07-24T04:25:40.694Z][INFO] Finished downloading package [com.unity.package-manager.metadata-6000.0@0.0.92] from registry 'https://packages.unity.com' (size: 1.37 kB, time: 496ms)
[2025-07-24T04:25:43.760Z][INFO] Downloading package [com.unity.collab-proxy@2.8.2] from registry 'https://packages.unity.com'
[2025-07-24T04:25:43.761Z][INFO] Downloading package [com.unity.ide.rider@3.0.36] from registry 'https://packages.unity.com'
[2025-07-24T04:25:43.761Z][INFO] Downloading package [com.unity.ide.visualstudio@2.0.23] from registry 'https://packages.unity.com'
[2025-07-24T04:25:43.762Z][INFO] Downloading package [com.unity.inputsystem@1.14.0] from registry 'https://packages.unity.com'
[2025-07-24T04:25:43.763Z][INFO] Downloading package [com.unity.visualscripting@1.9.7] from registry 'https://packages.unity.com'
[2025-07-24T04:25:44.010Z][INFO] Finished downloading package [com.unity.ide.rider@3.0.36] from registry 'https://packages.unity.com' (size: 157 kB, time: 249ms)
[2025-07-24T04:25:44.086Z][INFO] Finished downloading package [com.unity.ide.visualstudio@2.0.23] from registry 'https://packages.unity.com' (size: 583 kB, time: 325ms)
[2025-07-24T04:25:44.363Z][INFO] Finished downloading package [com.unity.collab-proxy@2.8.2] from registry 'https://packages.unity.com' (size: 12.7 MB, time: 603ms)
[2025-07-24T04:25:45.771Z][INFO] Finished downloading package [com.unity.visualscripting@1.9.7] from registry 'https://packages.unity.com' (size: 13.3 MB, time: 2s)
[2025-07-24T04:25:45.923Z][INFO] Finished downloading package [com.unity.inputsystem@1.14.0] from registry 'https://packages.unity.com' (size: 9.97 MB, time: 2.1s)
[2025-07-24T04:25:47.065Z][WARN] Requested version [17.1.0] for package [com.unity.render-pipelines.universal] overridden by built-in package version [17.0.4].
[2025-07-24T04:25:47.065Z][WARN] Requested version [1.0.6] for package [com.unity.ext.nunit] overridden by minimum version [2.0.5].
[2025-07-24T04:25:47.065Z][WARN] Requested version [1.8.14] for package [com.unity.burst] overridden by minimum version [1.8.19].
[2025-07-24T04:25:47.065Z][WARN] Requested version [2.4.3] for package [com.unity.collections] overridden by minimum version [2.5.1].
[2025-07-24T04:25:47.065Z][WARN] Requested version [6.0.6] for package [com.unity.2d.common] overridden by minimum version [9.0.7].
[2025-07-24T04:25:47.077Z][INFO] project:resolve-packages --> 200 (7110 ms)
[2025-07-24T04:26:00.923Z][INFO] project:add-dependency <-- Request received
params: {
  "packageId": "com.unity.toolchain.linux-x86_64"
}
[2025-07-24T04:26:01.834Z][INFO] Downloading package [com.unity.toolchain.linux-x86_64@2.0.10] from registry 'https://packages.unity.com'
[2025-07-24T04:26:01.835Z][INFO] Downloading package [com.unity.sysroot@2.0.10] from registry 'https://packages.unity.com'
[2025-07-24T04:26:01.836Z][INFO] Downloading package [com.unity.sysroot.linux-x86_64@2.0.9] from registry 'https://packages.unity.com'
[2025-07-24T04:26:02.123Z][INFO] Finished downloading package [com.unity.sysroot@2.0.10] from registry 'https://packages.unity.com' (size: 481 kB, time: 287ms)
[2025-07-24T04:26:02.826Z][INFO] Finished downloading package [com.unity.toolchain.linux-x86_64@2.0.10] from registry 'https://packages.unity.com' (size: 21.6 MB, time: 992ms)
[2025-07-24T04:26:05.607Z][INFO] Finished downloading package [com.unity.sysroot.linux-x86_64@2.0.9] from registry 'https://packages.unity.com' (size: 81.7 MB, time: 3.7s)
[2025-07-24T04:26:07.554Z][INFO] project:add-dependency --> 200 (6631 ms)
[2025-07-24T04:26:07.830Z][INFO] project:list-packages <-- Request received
params: {}
[2025-07-24T04:26:07.842Z][INFO] project:list-packages <-- Request received
params: {}
[2025-07-24T04:26:07.850Z][INFO] config:project:get-registries <-- Request received
params: {}
[2025-07-24T04:26:07.857Z][INFO] config:project:get-registries --> 200 (7 ms)
[2025-07-24T04:26:07.871Z][INFO] project:resolve-packages <-- Request received
params: {}
[2025-07-24T04:26:08.107Z][INFO] project:list-packages --> 200 (277 ms)
[2025-07-24T04:26:08.159Z][INFO] project:list-packages --> 200 (317 ms)
[2025-07-24T04:26:08.231Z][WARN] Requested version [17.1.0] for package [com.unity.render-pipelines.universal] overridden by built-in package version [17.0.4].
[2025-07-24T04:26:08.232Z][WARN] Requested version [1.0.6] for package [com.unity.ext.nunit] overridden by minimum version [2.0.5].
[2025-07-24T04:26:08.232Z][WARN] Requested version [1.8.14] for package [com.unity.burst] overridden by minimum version [1.8.19].
[2025-07-24T04:26:08.232Z][WARN] Requested version [2.4.3] for package [com.unity.collections] overridden by minimum version [2.5.1].
[2025-07-24T04:26:08.232Z][WARN] Requested version [6.0.6] for package [com.unity.2d.common] overridden by minimum version [9.0.7].
[2025-07-24T04:26:08.248Z][INFO] project:resolve-packages --> 200 (377 ms)
[2025-07-24T04:26:40.337Z][INFO] project:list-packages <-- Request received
params: {}
[2025-07-24T04:26:40.347Z][INFO] project:list-packages <-- Request received
params: {}
[2025-07-24T04:26:40.357Z][INFO] config:project:get-registries <-- Request received
params: {}
[2025-07-24T04:26:40.360Z][INFO] config:project:get-registries --> 200 (3 ms)
[2025-07-24T04:26:40.597Z][INFO] project:list-packages --> 200 (250 ms)
[2025-07-24T04:26:41.322Z][INFO] project:list-packages --> 200 (985 ms)
[2025-07-24T04:26:57.085Z][INFO] project:list-packages <-- Request received
params: {}
[2025-07-24T04:26:57.097Z][INFO] project:list-packages <-- Request received
params: {}
[2025-07-24T04:26:57.230Z][INFO] project:list-packages <-- Request received
params: {}
[2025-07-24T04:26:57.239Z][INFO] project:list-packages <-- Request received
params: {}
[2025-07-24T04:26:57.359Z][INFO] project:list-packages --> 200 (273 ms)
[2025-07-24T04:26:57.437Z][INFO] project:list-packages --> 200 (340 ms)
[2025-07-24T04:26:57.622Z][INFO] project:list-packages --> 200 (392 ms)
[2025-07-24T04:26:57.680Z][INFO] project:list-packages --> 200 (441 ms)
[2025-07-24T04:27:55.475Z][INFO] project:list-packages <-- Request received
params: {}
[2025-07-24T04:27:55.485Z][INFO] packages:get-all-packageinfo <-- Request received
params: {}
[2025-07-24T04:27:55.495Z][INFO] packages:get-all-packageinfo <-- Request received
params: {}
[2025-07-24T04:27:55.531Z][INFO] project:list-packages <-- Request received
params: {}
[2025-07-24T04:27:58.265Z][INFO] project:list-packages --> 200 (2790 ms)
[2025-07-24T04:27:58.266Z][INFO] project:list-packages --> 200 (2735 ms)
[2025-07-24T04:28:03.152Z][INFO] packages:get-all-packageinfo --> 200 (7657 ms)
[2025-07-24T04:28:03.337Z][INFO] packages:get-all-packageinfo --> 200 (7852 ms)
[2025-07-24T04:28:03.435Z][INFO] packages:get-packageinfo <-- Request received
params: {
  "packageId": "com.unity.addressables@2.2.2"
}
[2025-07-24T04:28:03.445Z][INFO] packages:get-packageinfo <-- Request received
params: {
  "packageId": "com.unity.ads.ios-support@1.0.0"
}
[2025-07-24T04:28:03.452Z][INFO] packages:get-packageinfo --> 200 (17 ms)
[2025-07-24T04:28:03.455Z][INFO] packages:get-packageinfo <-- Request received
params: {
  "packageId": "com.unity.charactercontroller@1.2.4"
}
[2025-07-24T04:28:03.458Z][INFO] packages:get-packageinfo --> 200 (13 ms)
[2025-07-24T04:28:03.463Z][INFO] packages:get-packageinfo --> 200 (8 ms)
[2025-07-24T04:28:03.465Z][INFO] packages:get-packageinfo <-- Request received
params: {
  "packageId": "com.unity.entities.graphics@1.3.2"
}
[2025-07-24T04:28:03.472Z][INFO] packages:get-packageinfo --> 200 (7 ms)
[2025-07-24T04:28:03.475Z][INFO] packages:get-packageinfo <-- Request received
params: {
  "packageId": "com.unity.learn.iet-framework@4.0.4"
}
[2025-07-24T04:28:03.482Z][INFO] packages:get-packageinfo --> 200 (7 ms)
[2025-07-24T04:28:03.485Z][INFO] packages:get-packageinfo <-- Request received
params: {
  "packageId": "com.unity.learn.iet-framework.authoring@1.2.2"
}
[2025-07-24T04:28:03.492Z][INFO] packages:get-packageinfo --> 200 (7 ms)
[2025-07-24T04:28:03.496Z][INFO] packages:get-packageinfo <-- Request received
params: {
  "packageId": "com.unity.netcode@1.3.6"
}
[2025-07-24T04:28:03.504Z][INFO] packages:get-packageinfo --> 200 (8 ms)
[2025-07-24T04:28:03.506Z][INFO] packages:get-packageinfo <-- Request received
params: {
  "packageId": "com.unity.polyspatial.extensions@2.0.4"
}
[2025-07-24T04:28:03.512Z][INFO] packages:get-packageinfo --> 200 (6 ms)
[2025-07-24T04:28:03.516Z][INFO] packages:get-packageinfo <-- Request received
params: {
  "packageId": "com.unity.polyspatial.visionos@2.0.4"
}
[2025-07-24T04:28:03.524Z][INFO] packages:get-packageinfo --> 200 (8 ms)
[2025-07-24T04:28:03.526Z][INFO] packages:get-packageinfo <-- Request received
params: {
  "packageId": "com.unity.postprocessing@3.4.0"
}
[2025-07-24T04:28:03.531Z][INFO] packages:get-packageinfo --> 200 (5 ms)
[2025-07-24T04:28:03.536Z][INFO] packages:get-packageinfo <-- Request received
params: {
  "packageId": "com.unity.scriptablebuildpipeline@2.1.5"
}
[2025-07-24T04:28:03.542Z][INFO] packages:get-packageinfo --> 200 (6 ms)
[2025-07-24T04:28:03.546Z][INFO] packages:get-packageinfo <-- Request received
params: {
  "packageId": "com.unity.services.lobby@1.2.2"
}
[2025-07-24T04:28:03.552Z][INFO] packages:get-packageinfo --> 200 (6 ms)
[2025-07-24T04:28:03.556Z][INFO] packages:get-packageinfo <-- Request received
params: {
  "packageId": "com.unity.services.matchmaker@1.1.5"
}
[2025-07-24T04:28:03.562Z][INFO] packages:get-packageinfo --> 200 (6 ms)
[2025-07-24T04:28:03.566Z][INFO] packages:get-packageinfo <-- Request received
params: {
  "packageId": "com.unity.services.multiplay@1.2.5"
}
[2025-07-24T04:28:03.572Z][INFO] packages:get-packageinfo --> 200 (6 ms)
[2025-07-24T04:28:03.577Z][INFO] packages:get-packageinfo <-- Request received
params: {
  "packageId": "com.unity.services.relay@1.0.5"
}
[2025-07-24T04:28:03.582Z][INFO] packages:get-packageinfo --> 200 (5 ms)
[2025-07-24T04:28:03.587Z][INFO] packages:get-packageinfo <-- Request received
params: {
  "packageId": "com.unity.sharp-zip-lib@1.3.9"
}
[2025-07-24T04:28:03.593Z][INFO] packages:get-packageinfo --> 200 (6 ms)
[2025-07-24T04:28:03.597Z][INFO] packages:get-packageinfo <-- Request received
params: {
  "packageId": "com.unity.splines@2.7.2"
}
[2025-07-24T04:28:03.602Z][INFO] packages:get-packageinfo --> 200 (5 ms)
[2025-07-24T04:28:03.607Z][INFO] packages:get-packageinfo <-- Request received
params: {
  "packageId": "com.unity.terrain-tools@5.1.2"
}
[2025-07-24T04:28:03.613Z][INFO] packages:get-packageinfo --> 200 (6 ms)
[2025-07-24T04:28:03.617Z][INFO] packages:get-packageinfo <-- Request received
params: {
  "packageId": "com.unity.xr.arcore@6.0.6"
}
[2025-07-24T04:28:03.627Z][INFO] packages:get-packageinfo --> 200 (10 ms)
[2025-07-24T04:28:03.627Z][INFO] packages:get-packageinfo <-- Request received
params: {
  "packageId": "com.unity.xr.arfoundation@6.0.6"
}
[2025-07-24T04:28:03.639Z][INFO] packages:get-packageinfo <-- Request received
params: {
  "packageId": "com.unity.xr.arkit@6.0.6"
}
[2025-07-24T04:28:03.641Z][INFO] packages:get-packageinfo --> 200 (14 ms)
[2025-07-24T04:28:03.648Z][INFO] packages:get-packageinfo <-- Request received
params: {
  "packageId": "com.unity.xr.hands@1.5.1"
}
[2025-07-24T04:28:03.653Z][INFO] packages:get-packageinfo --> 200 (14 ms)
[2025-07-24T04:28:03.656Z][INFO] packages:get-packageinfo --> 200 (8 ms)
[2025-07-24T04:28:03.658Z][INFO] packages:get-packageinfo <-- Request received
params: {
  "packageId": "com.unity.xr.interaction.toolkit@3.0.8"
}
[2025-07-24T04:28:03.667Z][INFO] packages:get-packageinfo --> 200 (9 ms)
[2025-07-24T04:28:03.668Z][INFO] packages:get-packageinfo <-- Request received
params: {
  "packageId": "com.unity.xr.magicleap@7.0.0"
}
[2025-07-24T04:28:03.675Z][INFO] packages:get-packageinfo --> 200 (7 ms)
[2025-07-24T04:28:03.678Z][INFO] packages:get-packageinfo <-- Request received
params: {
  "packageId": "com.unity.xr.openxr@1.14.3"
}
[2025-07-24T04:28:03.684Z][INFO] packages:get-packageinfo --> 200 (6 ms)
[2025-07-24T04:28:03.688Z][INFO] packages:get-packageinfo <-- Request received
params: {
  "packageId": "com.unity.xr.visionos@2.0.4"
}
[2025-07-24T04:28:03.695Z][INFO] packages:get-packageinfo --> 200 (7 ms)
[2025-07-24T04:28:38.487Z][INFO] Received shutdown request (SIGINT), shutting down Unity Package Manager
