2025-07-24 00:36:57.340 - [ 47286] - [     1] - INFO  - [Unity.Licensing.Client.Program] Command line arguments:  --namedPipe Unity-LicenseClient-crookedshaft --cloudEnvironment production
2025-07-24 00:36:57.347 - [ 47286] - [     1] - INFO  - [Unity.Licensing.Client.Program] Analytics CorrelationId: 982dfdfdef20f34287e493bbd5b62fc9
2025-07-24 00:36:57.348 - [ 47286] - [    13] - INFO  - [Unity.Licensing.Client.PipeServerExecutor] GlobalMutex Unity-LicenseClient-crookedshaft created (on thread: 13)
2025-07-24 00:36:57.349 - [ 47286] - [    14] - WARN  - [Unity.Licensing.Client.Services.Licensing.LicensingServiceConfiguration] Floating license server is not configured
2025-07-24 00:36:57.351 - [ 47286] - [    12] - INFO  - [Unity.Licensing.Client.MultiClientPipeServer] Starting named pipe server (on thread: 12)
2025-07-24 00:36:57.352 - [ 47286] - [    14] - INFO  - [Unity.Licensing.Client.Services.EntitlementResolverProvider] Rebuilding resolvers from local files:  
2025-07-24 00:36:57.352 - [ 47286] - [    12] - INFO  - [Unity.Licensing.Client.MultiClientPipeServer] Named pipe server started
2025-07-24 00:36:57.352 - [ 47286] - [.NET Long Running Task] - INFO  - [Unity.Licensing.Client.MultiClientPipeServer] Waiting for a connection (pipe #1)
2025-07-24 00:36:57.352 - [ 47286] - [    14] - INFO  - [Unity.Licensing.Client.Services.EntitlementResolverProvider] Processed 0 license files in 00:00:00.0002836
2025-07-24 00:36:57.353 - [ 47286] - [    12] - INFO  - [Unity.Licensing.Client.Communication.Notifications.NotificationsPipeServer] Starting named pipe server (on thread: 12)
2025-07-24 00:36:57.353 - [ 47286] - [    12] - INFO  - [Unity.Licensing.Client.Communication.Notifications.NotificationsPipeServer] Named pipe server started
2025-07-24 00:36:57.353 - [ 47286] - [.NET Long Running Task] - INFO  - [Unity.Licensing.Client.Communication.Notifications.NotificationsPipeServer] Waiting for a connection (pipe #1)
2025-07-24 00:36:57.356 - [ 47286] - [.NET Long Running Task] - INFO  - [Unity.Licensing.Client.MultiClientPipeServer] Waiting for a connection (pipe #2)
2025-07-24 00:36:57.358 - [ 47286] - [     8] - INFO  - [Unity.Licensing.Client.Communication.ApiPipeHandler#1] new pipe session: e90bbb1d04f646d287039efb9c0da960
2025-07-24 00:36:57.358 - [ 47286] - [    14] - INFO  - [Unity.Licensing.Client.Services.Replication.InactiveLicenseFileCleaner] Start cleaning expired and inactive license file(s): 

2025-07-24 00:36:57.358 - [ 47286] - [    14] - INFO  - [Unity.Licensing.Client.Services.Replication.InactiveLicenseFileCleaner] Cleanup finished successfully, deleted 0 expired license file(s)
2025-07-24 00:36:57.359 - [ 47286] - [    14] - WARN  - [Unity.Licensing.Client.Services.LicensingOrchestrator] Unable to find valid licenses and remote licensing service is not configured
2025-07-24 00:36:57.359 - [ 47286] - [     8] - INFO  - [Unity.Licensing.Client.MultiClientPipeServer] A new client is connecting (pipe #1)
2025-07-24 00:36:57.359 - [ 47286] - [     8] - INFO  - [Unity.Licensing.Client.Communication.ApiPipeHandler#1] Start accepting requests
2025-07-24 00:36:57.379 - [ 47286] - [     8] - INFO  - [Unity.Licensing.Client.Communication.Controllers.HandshakeController] Received handshake from: Hub 3.13.0 (LocalIPC/1.17.0)
2025-07-24 00:36:57.404 - [ 47286] - [     8] - INFO  - [Unity.Licensing.Client.Communication.ApiPipeHandler#1] REQ-1 | Sending HandshakeResponse for request HandshakeRequest from Hub 3.13.0 (LocalIPC/1.17) [200]:  Handshake successful
2025-07-24 00:36:57.407 - [ 47286] - [.NET Long Running Task] - INFO  - [Unity.Licensing.Client.Communication.Notifications.NotificationsPipeServer] Waiting for a connection (pipe #2)
2025-07-24 00:36:57.408 - [ 47286] - [    21] - INFO  - [Unity.Licensing.Client.Communication.Notifications.NotificationsPipeServer] A new client is connecting (pipe #1)
2025-07-24 00:36:57.409 - [ 47286] - [    21] - INFO  - [Unity.Licensing.Client.Services.Package.PackageEnforcer] Trying to update PACL ...
2025-07-24 00:36:57.412 - [ 47286] - [    21] - INFO  - [Unity.Licensing.Client.Services.Package.PackageService] Getting PACL from remote uri: "https://license.unity3d.com/licenses/v1/packages/acl" ...
2025-07-24 00:36:57.425 - [ 47286] - [     8] - INFO  - [Unity.Licensing.Client.Services.EntitlementResolverProvider] Rebuilding resolvers from local files:  
2025-07-24 00:36:57.426 - [ 47286] - [     8] - INFO  - [Unity.Licensing.Client.Services.EntitlementResolverProvider] Processed 0 license files in 00:00:00.0000111
2025-07-24 00:36:57.427 - [ 47286] - [     8] - INFO  - [Unity.Licensing.Client.Services.EntitlementResolverProvider] Rebuilding resolvers from local files:  
2025-07-24 00:36:57.427 - [ 47286] - [     8] - INFO  - [Unity.Licensing.Client.Services.EntitlementResolverProvider] Processed 0 license files in 00:00:00.0000016
2025-07-24 00:36:57.429 - [ 47286] - [     8] - INFO  - [Unity.Licensing.Client.Communication.ApiPipeHandler#1] REQ-2 | Sending EntitlementGroupsDetailsResponse for request EntitlementGroupsDetailsRequest from Hub 3.13.0 (LocalIPC/1.17) [200]:  Success, found: 0 groups
2025-07-24 00:36:57.439 - [ 47286] - [     8] - INFO  - [Unity.Licensing.Client.Services.EntitlementResolverProvider] Rebuilding resolvers from local files:  
2025-07-24 00:36:57.439 - [ 47286] - [     8] - INFO  - [Unity.Licensing.Client.Services.EntitlementResolverProvider] Processed 0 license files in 00:00:00.0000026
2025-07-24 00:36:57.439 - [ 47286] - [     8] - INFO  - [Unity.Licensing.Client.Services.EntitlementResolverProvider] Rebuilding resolvers from local files:  
2025-07-24 00:36:57.439 - [ 47286] - [     8] - INFO  - [Unity.Licensing.Client.Services.EntitlementResolverProvider] Processed 0 license files in 00:00:00.0000011
2025-07-24 00:36:57.439 - [ 47286] - [     8] - INFO  - [Unity.Licensing.Client.Communication.ApiPipeHandler#1] REQ-3 | Sending EntitlementGroupsDetailsResponse for request EntitlementGroupsDetailsRequest from Hub 3.13.0 (LocalIPC/1.17) [200]:  Success, found: 0 groups
2025-07-24 00:36:57.450 - [ 47286] - [     8] - INFO  - [Unity.Licensing.Client.Services.EntitlementResolverProvider] Rebuilding resolvers from local files:  
2025-07-24 00:36:57.450 - [ 47286] - [     8] - INFO  - [Unity.Licensing.Client.Services.EntitlementResolverProvider] Processed 0 license files in 00:00:00.0000016
2025-07-24 00:36:57.450 - [ 47286] - [     8] - INFO  - [Unity.Licensing.Client.Services.EntitlementResolverProvider] Rebuilding resolvers from local files:  
2025-07-24 00:36:57.450 - [ 47286] - [     8] - INFO  - [Unity.Licensing.Client.Services.EntitlementResolverProvider] Processed 0 license files in 00:00:00.0000008
2025-07-24 00:36:57.450 - [ 47286] - [     8] - INFO  - [Unity.Licensing.Client.Communication.ApiPipeHandler#1] REQ-4 | Sending EntitlementGroupsDetailsResponse for request EntitlementGroupsDetailsRequest from Hub 3.13.0 (LocalIPC/1.17) [200]:  Success, found: 0 groups
2025-07-24 00:36:57.486 - [ 47286] - [     8] - INFO  - [Unity.Licensing.Client.Services.EntitlementResolverProvider] Rebuilding resolvers from local files:  
2025-07-24 00:36:57.486 - [ 47286] - [     8] - INFO  - [Unity.Licensing.Client.Services.EntitlementResolverProvider] Processed 0 license files in 00:00:00.0000032
2025-07-24 00:36:57.486 - [ 47286] - [     8] - INFO  - [Unity.Licensing.Client.Services.EntitlementResolverProvider] Rebuilding resolvers from local files:  
2025-07-24 00:36:57.486 - [ 47286] - [     8] - INFO  - [Unity.Licensing.Client.Services.EntitlementResolverProvider] Processed 0 license files in 00:00:00.0000010
2025-07-24 00:36:57.486 - [ 47286] - [     8] - INFO  - [Unity.Licensing.Client.Communication.ApiPipeHandler#1] REQ-5 | Sending EntitlementGroupsDetailsResponse for request EntitlementGroupsDetailsRequest from Hub 3.13.0 (LocalIPC/1.17) [200]:  Success, found: 0 groups
2025-07-24 00:36:57.498 - [ 47286] - [     9] - INFO  - [Unity.Licensing.Client.Configuration.ClientConfigurationLoader] Downloaded remote config from: "https://public-cdn.cloud.unity3d.com/config/production"
2025-07-24 00:36:57.498 - [ 47286] - [     9] - INFO  - [Unity.Licensing.Client.Configuration.ClientConfigurationLoader] Unity remote config is updated: "/home/crookedshaft/.config/unity3d/Unity/config/production.json"
2025-07-24 00:36:57.562 - [ 47286] - [    11] - INFO  - [Unity.Licensing.Client.CommandExecutors.Startup.ProgramInitializer] Running in production mode
2025-07-24 00:36:57.562 - [ 47286] - [    11] - INFO  - [Unity.Licensing.Client.CommandExecutors.Startup.ProgramInitializer] Client product version: 1.17.0+aa6cfba
2025-07-24 00:36:57.562 - [ 47286] - [    11] - INFO  - [Unity.Licensing.Client.CommandExecutors.Startup.ProgramInitializer] Client assembly version: 1.17.0.0
2025-07-24 00:36:57.562 - [ 47286] - [    11] - INFO  - [Unity.Licensing.Client.CommandExecutors.Startup.ProgramInitializer] File version: 1.17.0 (/opt/unityhub/UnityLicensingClient_V1/Unity.Licensing.Client.dll)
2025-07-24 00:36:57.563 - [ 47286] - [    11] - INFO  - [Unity.Licensing.Client.CommandExecutors.Startup.ProgramInitializer] Current OS: Linux 6.14.0-24-generic #24~24.04.3-Ubuntu SMP PREEMPT_DYNAMIC Mon Jul  7 16:39:17 UTC 2
2025-07-24 00:36:57.657 - [ 47286] - [     8] - INFO  - [Unity.Licensing.Client.Communication.ApiPipeHandler#1] REQ-6 | Sending EntitlementsResponse for request EntitlementsRequest from Hub 3.13.0 (LocalIPC/1.17) [200]:  Found 0 entitlements
2025-07-24 00:36:57.843 - [ 47286] - [     5] - INFO  - [Unity.Licensing.Client.Services.Package.PackageService] New PACL file is written successfully from remote uri: "https://license.unity3d.com/licenses/v1/packages/acl"
2025-07-24 00:36:57.844 - [ 47286] - [     5] - INFO  - [Unity.Licensing.Client.Services.Package.PackageEnforcer] Successfully updated PACL file after 1 attempt(s). Next update in 24.00 hours.
2025-07-24 00:36:57.844 - [ 47286] - [     5] - INFO  - [Unity.Licensing.Client.Services.Package.PackageEnforcer] Loading remote PACL, revision: 39, version: 1.0
2025-07-24 00:36:57.877 - [ 47286] - [     8] - INFO  - [Unity.Licensing.Client.Communication.Controllers.EntitlementDetailsController] Finished handling EntitlementDetails request
2025-07-24 00:36:57.878 - [ 47286] - [     8] - INFO  - [Unity.Licensing.Client.Communication.ApiPipeHandler#1] REQ-7 | Sending EntitlementDetailsResponse for request EntitlementDetailsRequest from Hub 3.13.0 (LocalIPC/1.17) [404]:  Found 0 entitlement groups and 0 free entitlements matching requested entitlement ids
2025-07-24 00:36:57.962 - [ 47286] - [     8] - INFO  - [Unity.Licensing.Client.Communication.Controllers.EntitlementDetailsController] Finished handling EntitlementDetails request
2025-07-24 00:36:57.962 - [ 47286] - [     8] - INFO  - [Unity.Licensing.Client.Communication.ApiPipeHandler#1] REQ-8 | Sending EntitlementDetailsResponse for request EntitlementDetailsRequest from Hub 3.13.0 (LocalIPC/1.17) [404]:  Found 0 entitlement groups and 0 free entitlements matching requested entitlement ids
2025-07-24 00:36:57.986 - [ 47286] - [     8] - INFO  - [Unity.Licensing.Client.Services.EntitlementResolverProvider] Rebuilding resolvers from local files:  
2025-07-24 00:36:57.986 - [ 47286] - [     8] - INFO  - [Unity.Licensing.Client.Services.EntitlementResolverProvider] Processed 0 license files in 00:00:00.0000042
2025-07-24 00:36:57.986 - [ 47286] - [     8] - INFO  - [Unity.Licensing.Client.Services.EntitlementResolverProvider] Rebuilding resolvers from local files:  
2025-07-24 00:36:57.986 - [ 47286] - [     8] - INFO  - [Unity.Licensing.Client.Services.EntitlementResolverProvider] Processed 0 license files in 00:00:00.0000017
2025-07-24 00:36:57.987 - [ 47286] - [     8] - INFO  - [Unity.Licensing.Client.Communication.ApiPipeHandler#1] REQ-9 | Sending EntitlementGroupsDetailsResponse for request EntitlementGroupsDetailsRequest from Hub 3.13.0 (LocalIPC/1.17) [200]:  Success, found: 0 groups
2025-07-24 00:36:57.998 - [ 47286] - [     8] - INFO  - [Unity.Licensing.Client.Communication.ApiPipeHandler#1] REQ-10 | Sending EntitlementsResponse for request EntitlementsRequest from Hub 3.13.0 (LocalIPC/1.17) [200]:  Found 0 entitlements
2025-07-24 00:37:47.645 - [ 47286] - [     8] - INFO  - [Unity.Licensing.Client.Communication.ApiPipeHandler#1] REQ-11 | Sending EntitlementsResponse for request EntitlementsRequest from Hub 3.13.0 (LocalIPC/1.17) [200]:  Found 0 entitlements
2025-07-24 00:37:47.649 - [ 47286] - [     8] - INFO  - [Unity.Licensing.Client.Communication.Controllers.AccessTokenController] Got access token (expires in 30758400 seconds)
2025-07-24 00:37:47.650 - [ 47286] - [     8] - INFO  - [Unity.Licensing.Client.Communication.ApiPipeHandler#1] REQ-12 | Sending AccessTokenResponse for request AccessTokenRequest from Hub 3.13.0 (LocalIPC/1.17) [200]:  (null)
2025-07-24 00:37:47.660 - [ 47286] - [     8] - INFO  - [Unity.Licensing.Client.Services.EntitlementResolverProvider] Rebuilding resolvers from local files:  
2025-07-24 00:37:47.660 - [ 47286] - [     8] - INFO  - [Unity.Licensing.Client.Services.EntitlementResolverProvider] Processed 0 license files in 00:00:00.0000087
2025-07-24 00:37:47.660 - [ 47286] - [     8] - INFO  - [Unity.Licensing.Client.Services.EntitlementResolverProvider] Rebuilding resolvers from local files:  
2025-07-24 00:37:47.660 - [ 47286] - [     8] - INFO  - [Unity.Licensing.Client.Services.EntitlementResolverProvider] Processed 0 license files in 00:00:00.0000012
2025-07-24 00:37:47.660 - [ 47286] - [     8] - INFO  - [Unity.Licensing.Client.Communication.ApiPipeHandler#1] REQ-13 | Sending EntitlementGroupsDetailsResponse for request EntitlementGroupsDetailsRequest from Hub 3.13.0 (LocalIPC/1.17) [200]:  Success, found: 0 groups
2025-07-24 00:37:48.309 - [ 47286] - [     8] - INFO  - [Unity.Licensing.Client.Services.Licensing.GenesisLicensingService] Attempting to contact genesis update license api
2025-07-24 00:37:48.682 - [ 47286] - [     9] - INFO  - [Unity.Licensing.Client.Services.Licensing.GenesisLicensingService] Trying to write updated entitlement license file...
2025-07-24 00:37:48.683 - [ 47286] - [     9] - INFO  - [Unity.Licensing.Client.Services.Licensing.GenesisLicensingService] Successfully updated license file
2025-07-24 00:37:48.701 - [ 47286] - [     8] - INFO  - [Unity.Licensing.Client.Services.Helpers.LicenseFilesMapper] Successfully parsed license /home/crookedshaft/.config/unity3d/Unity/licenses/UnityEntitlementLicense.xml
2025-07-24 00:37:48.701 - [ 47286] - [     8] - INFO  - [Unity.Licensing.Client.Services.EntitlementResolverProvider] Rebuilding resolvers from local files:  /home/crookedshaft/.config/unity3d/Unity/licenses/UnityEntitlementLicense.xml
2025-07-24 00:37:48.701 - [ 47286] - [     8] - INFO  - [Unity.Licensing.Client.Services.EntitlementResolverProvider] Processing license /home/crookedshaft/.config/unity3d/Unity/licenses/UnityEntitlementLicense.xml
2025-07-24 00:37:48.702 - [ 47286] - [     8] - INFO  - [Unity.Licensing.Client.Services.EntitlementResolverProvider] Processed 1 license files in 00:00:00.0009525
2025-07-24 00:37:48.707 - [ 47286] - [     8] - INFO  - [Unity.Licensing.Client.Services.LicenseOfflineValidityEndingPeriodicNotifierService] OnEntitlementResolverUpdated, will restart timer
2025-07-24 00:37:48.710 - [ 47286] - [     9] - INFO  - [Unity.Licensing.Client.Services.Notification.NotificationHub] Sending notification to 1 client: [LicenseUpdate] License updated: Your license was updated sent on 2025-07-24T00:37:48.7094542Z[{"EntitlementGroupId":"20066369140560-UnityPersonal","ProductName":"Unity Personal","UpdateType":"Added","Reason":"EntitlementGroupAdded"}]
2025-07-24 00:37:48.711 - [ 47286] - [     8] - INFO  - [Unity.Licensing.Client.Communication.ApiPipeHandler#1] REQ-14 | Sending ActivationManagementResponse for request ActivationManagementRequest from Hub 3.13.0 (LocalIPC/1.17) [207]:  Successfully processed activation management call
2025-07-24 00:37:48.712 - [ 47286] - [     5] - INFO  - [Unity.Licensing.Client.Services.LicenseOfflineValidityEndingPeriodicNotifierService] Will execute periodic notification again in 23.17:21:11.2897295
2025-07-24 00:37:48.731 - [ 47286] - [     8] - INFO  - [Unity.Licensing.Client.Services.Helpers.LicenseFilesMapper] Successfully parsed license /home/crookedshaft/.config/unity3d/Unity/licenses/UnityEntitlementLicense.xml
2025-07-24 00:37:48.731 - [ 47286] - [     8] - INFO  - [Unity.Licensing.Client.Services.EntitlementResolverProvider] Rebuilding resolvers from local files:  /home/crookedshaft/.config/unity3d/Unity/licenses/UnityEntitlementLicense.xml
2025-07-24 00:37:48.731 - [ 47286] - [     8] - INFO  - [Unity.Licensing.Client.Services.EntitlementResolverProvider] Processing license /home/crookedshaft/.config/unity3d/Unity/licenses/UnityEntitlementLicense.xml
2025-07-24 00:37:48.731 - [ 47286] - [     8] - INFO  - [Unity.Licensing.Client.Services.EntitlementResolverProvider] Processed 1 license files in 00:00:00.0000778
2025-07-24 00:37:48.736 - [ 47286] - [     8] - INFO  - [Unity.Licensing.Client.Services.Helpers.LicenseFilesMapper] Successfully parsed license /home/crookedshaft/.config/unity3d/Unity/licenses/UnityEntitlementLicense.xml
2025-07-24 00:37:48.736 - [ 47286] - [     8] - INFO  - [Unity.Licensing.Client.Services.EntitlementResolverProvider] Rebuilding resolvers from local files:  /home/crookedshaft/.config/unity3d/Unity/licenses/UnityEntitlementLicense.xml
2025-07-24 00:37:48.736 - [ 47286] - [     8] - INFO  - [Unity.Licensing.Client.Services.EntitlementResolverProvider] Processing license /home/crookedshaft/.config/unity3d/Unity/licenses/UnityEntitlementLicense.xml
2025-07-24 00:37:48.736 - [ 47286] - [     8] - INFO  - [Unity.Licensing.Client.Services.EntitlementResolverProvider] Processed 1 license files in 00:00:00.0000279
2025-07-24 00:37:48.738 - [ 47286] - [     8] - INFO  - [Unity.Licensing.Client.Communication.ApiPipeHandler#1] REQ-15 | Sending EntitlementGroupsDetailsResponse for request EntitlementGroupsDetailsRequest from Hub 3.13.0 (LocalIPC/1.17) [200]:  Success, found: 1 groups
2025-07-24 00:37:48.750 - [ 47286] - [     8] - INFO  - [Unity.Licensing.Client.Communication.ApiPipeHandler#1] REQ-16 | Sending EntitlementsResponse for request EntitlementsRequest from Hub 3.13.0 (LocalIPC/1.17) [200]:  Found 1 entitlements
2025-07-24 00:37:57.605 - [ 47286] - [     8] - INFO  - [Unity.Licensing.Client.Communication.ApiPipeHandler#1] REQ-17 | Sending EntitlementsResponse for request EntitlementsRequest from Hub 3.13.0 (LocalIPC/1.17) [200]:  Found 1 entitlements
2025-07-24 00:38:03.959 - [ 47286] - [     8] - INFO  - [Unity.Licensing.Client.Services.Helpers.LicenseFilesMapper] Successfully parsed license /home/crookedshaft/.config/unity3d/Unity/licenses/UnityEntitlementLicense.xml
2025-07-24 00:38:03.959 - [ 47286] - [     8] - INFO  - [Unity.Licensing.Client.Services.EntitlementResolverProvider] Rebuilding resolvers from local files:  /home/crookedshaft/.config/unity3d/Unity/licenses/UnityEntitlementLicense.xml
2025-07-24 00:38:03.959 - [ 47286] - [     8] - INFO  - [Unity.Licensing.Client.Services.EntitlementResolverProvider] Processing license /home/crookedshaft/.config/unity3d/Unity/licenses/UnityEntitlementLicense.xml
2025-07-24 00:38:03.959 - [ 47286] - [     8] - INFO  - [Unity.Licensing.Client.Services.EntitlementResolverProvider] Processed 1 license files in 00:00:00.0000598
2025-07-24 00:38:03.962 - [ 47286] - [     8] - INFO  - [Unity.Licensing.Client.Services.Helpers.LicenseFilesMapper] Successfully parsed license /home/crookedshaft/.config/unity3d/Unity/licenses/UnityEntitlementLicense.xml
2025-07-24 00:38:03.962 - [ 47286] - [     8] - INFO  - [Unity.Licensing.Client.Services.EntitlementResolverProvider] Rebuilding resolvers from local files:  /home/crookedshaft/.config/unity3d/Unity/licenses/UnityEntitlementLicense.xml
2025-07-24 00:38:03.962 - [ 47286] - [     8] - INFO  - [Unity.Licensing.Client.Services.EntitlementResolverProvider] Processing license /home/crookedshaft/.config/unity3d/Unity/licenses/UnityEntitlementLicense.xml
2025-07-24 00:38:03.962 - [ 47286] - [     8] - INFO  - [Unity.Licensing.Client.Services.EntitlementResolverProvider] Processed 1 license files in 00:00:00.0000380
2025-07-24 00:38:03.962 - [ 47286] - [     8] - INFO  - [Unity.Licensing.Client.Communication.ApiPipeHandler#1] REQ-18 | Sending EntitlementGroupsDetailsResponse for request EntitlementGroupsDetailsRequest from Hub 3.13.0 (LocalIPC/1.17) [200]:  Success, found: 1 groups
2025-07-24 00:38:03.975 - [ 47286] - [     8] - INFO  - [Unity.Licensing.Client.Communication.ApiPipeHandler#1] REQ-19 | Sending EntitlementsResponse for request EntitlementsRequest from Hub 3.13.0 (LocalIPC/1.17) [200]:  Found 1 entitlements
2025-07-24 01:36:57.483 - [ 47286] - [    30] - INFO  - [Unity.Licensing.Client.Configuration.ClientConfigurationLoader] Downloaded remote config from: "https://public-cdn.cloud.unity3d.com/config/production"
2025-07-24 01:36:57.483 - [ 47286] - [    30] - INFO  - [Unity.Licensing.Client.Configuration.ClientConfigurationLoader] Unity remote config is updated: "/home/crookedshaft/.config/unity3d/Unity/config/production.json"
2025-07-24 02:36:57.475 - [ 47286] - [    30] - INFO  - [Unity.Licensing.Client.Configuration.ClientConfigurationLoader] Downloaded remote config from: "https://public-cdn.cloud.unity3d.com/config/production"
2025-07-24 02:36:57.475 - [ 47286] - [    30] - INFO  - [Unity.Licensing.Client.Configuration.ClientConfigurationLoader] Unity remote config is updated: "/home/crookedshaft/.config/unity3d/Unity/config/production.json"
2025-07-24 02:37:36.267 - [ 47286] - [     8] - INFO  - [Unity.Licensing.Client.Communication.ApiPipeHandler#1] REQ-20 | Sending EntitlementsResponse for request EntitlementsRequest from Hub 3.13.0 (LocalIPC/1.17) [200]:  Found 1 entitlements
2025-07-24 02:37:36.268 - [ 47286] - [     8] - INFO  - [Unity.Licensing.Client.Communication.Controllers.AccessTokenController] Got access token (expires in 30758400 seconds)
2025-07-24 02:37:36.269 - [ 47286] - [     8] - INFO  - [Unity.Licensing.Client.Communication.ApiPipeHandler#1] REQ-21 | Sending AccessTokenResponse for request AccessTokenRequest from Hub 3.13.0 (LocalIPC/1.17) [200]:  (null)
2025-07-24 02:37:36.283 - [ 47286] - [     8] - INFO  - [Unity.Licensing.Client.Services.Helpers.LicenseFilesMapper] Successfully parsed license /home/crookedshaft/.config/unity3d/Unity/licenses/UnityEntitlementLicense.xml
2025-07-24 02:37:36.283 - [ 47286] - [     8] - INFO  - [Unity.Licensing.Client.Services.EntitlementResolverProvider] Rebuilding resolvers from local files:  /home/crookedshaft/.config/unity3d/Unity/licenses/UnityEntitlementLicense.xml
2025-07-24 02:37:36.283 - [ 47286] - [     8] - INFO  - [Unity.Licensing.Client.Services.EntitlementResolverProvider] Processing license /home/crookedshaft/.config/unity3d/Unity/licenses/UnityEntitlementLicense.xml
2025-07-24 02:37:36.283 - [ 47286] - [     8] - INFO  - [Unity.Licensing.Client.Services.EntitlementResolverProvider] Processed 1 license files in 00:00:00.0000483
2025-07-24 02:37:36.286 - [ 47286] - [     8] - INFO  - [Unity.Licensing.Client.Services.Helpers.LicenseFilesMapper] Successfully parsed license /home/crookedshaft/.config/unity3d/Unity/licenses/UnityEntitlementLicense.xml
2025-07-24 02:37:36.286 - [ 47286] - [     8] - INFO  - [Unity.Licensing.Client.Services.EntitlementResolverProvider] Rebuilding resolvers from local files:  /home/crookedshaft/.config/unity3d/Unity/licenses/UnityEntitlementLicense.xml
2025-07-24 02:37:36.287 - [ 47286] - [     8] - INFO  - [Unity.Licensing.Client.Services.EntitlementResolverProvider] Processing license /home/crookedshaft/.config/unity3d/Unity/licenses/UnityEntitlementLicense.xml
2025-07-24 02:37:36.287 - [ 47286] - [     8] - INFO  - [Unity.Licensing.Client.Services.EntitlementResolverProvider] Processed 1 license files in 00:00:00.0000325
2025-07-24 02:37:36.287 - [ 47286] - [     8] - INFO  - [Unity.Licensing.Client.Communication.ApiPipeHandler#1] REQ-22 | Sending EntitlementGroupsDetailsResponse for request EntitlementGroupsDetailsRequest from Hub 3.13.0 (LocalIPC/1.17) [200]:  Success, found: 1 groups
2025-07-24 02:37:36.899 - [ 47286] - [     8] - INFO  - [Unity.Licensing.Client.Services.Licensing.GenesisLicensingService] Attempting to contact genesis update license api
2025-07-24 02:37:37.225 - [ 47286] - [    30] - INFO  - [Unity.Licensing.Client.Services.Licensing.GenesisLicensingService] Trying to write updated entitlement license file...
2025-07-24 02:37:37.226 - [ 47286] - [    30] - INFO  - [Unity.Licensing.Client.Services.Licensing.GenesisLicensingService] Successfully updated license file
2025-07-24 02:37:37.230 - [ 47286] - [     8] - INFO  - [Unity.Licensing.Client.Services.Helpers.LicenseFilesMapper] Successfully parsed license /home/crookedshaft/.config/unity3d/Unity/licenses/UnityEntitlementLicense.xml
2025-07-24 02:37:37.230 - [ 47286] - [     8] - INFO  - [Unity.Licensing.Client.Services.EntitlementResolverProvider] Rebuilding resolvers from local files:  /home/crookedshaft/.config/unity3d/Unity/licenses/UnityEntitlementLicense.xml
2025-07-24 02:37:37.230 - [ 47286] - [     8] - INFO  - [Unity.Licensing.Client.Services.EntitlementResolverProvider] Processing license /home/crookedshaft/.config/unity3d/Unity/licenses/UnityEntitlementLicense.xml
2025-07-24 02:37:37.230 - [ 47286] - [     8] - INFO  - [Unity.Licensing.Client.Services.EntitlementResolverProvider] Processed 1 license files in 00:00:00.0000528
2025-07-24 02:37:37.231 - [ 47286] - [     8] - INFO  - [Unity.Licensing.Client.Services.LicenseOfflineValidityEndingPeriodicNotifierService] OnEntitlementResolverUpdated, will restart timer
2025-07-24 02:37:37.231 - [ 47286] - [     8] - INFO  - [Unity.Licensing.Client.Communication.ApiPipeHandler#1] REQ-23 | Sending ActivationManagementResponse for request ActivationManagementRequest from Hub 3.13.0 (LocalIPC/1.17) [207]:  Successfully processed activation management call
2025-07-24 02:37:37.231 - [ 47286] - [    33] - INFO  - [Unity.Licensing.Client.Services.LicenseOfflineValidityEndingPeriodicNotifierService] Will execute periodic notification again in 23.15:21:22.7683184
2025-07-24 02:37:37.246 - [ 47286] - [     8] - INFO  - [Unity.Licensing.Client.Services.Helpers.LicenseFilesMapper] Successfully parsed license /home/crookedshaft/.config/unity3d/Unity/licenses/UnityEntitlementLicense.xml
2025-07-24 02:37:37.246 - [ 47286] - [     8] - INFO  - [Unity.Licensing.Client.Services.EntitlementResolverProvider] Rebuilding resolvers from local files:  /home/crookedshaft/.config/unity3d/Unity/licenses/UnityEntitlementLicense.xml
2025-07-24 02:37:37.246 - [ 47286] - [     8] - INFO  - [Unity.Licensing.Client.Services.EntitlementResolverProvider] Processing license /home/crookedshaft/.config/unity3d/Unity/licenses/UnityEntitlementLicense.xml
2025-07-24 02:37:37.246 - [ 47286] - [     8] - INFO  - [Unity.Licensing.Client.Services.EntitlementResolverProvider] Processed 1 license files in 00:00:00.0000357
2025-07-24 02:37:37.249 - [ 47286] - [     8] - INFO  - [Unity.Licensing.Client.Services.Helpers.LicenseFilesMapper] Successfully parsed license /home/crookedshaft/.config/unity3d/Unity/licenses/UnityEntitlementLicense.xml
2025-07-24 02:37:37.250 - [ 47286] - [     8] - INFO  - [Unity.Licensing.Client.Services.EntitlementResolverProvider] Rebuilding resolvers from local files:  /home/crookedshaft/.config/unity3d/Unity/licenses/UnityEntitlementLicense.xml
2025-07-24 02:37:37.250 - [ 47286] - [     8] - INFO  - [Unity.Licensing.Client.Services.EntitlementResolverProvider] Processing license /home/crookedshaft/.config/unity3d/Unity/licenses/UnityEntitlementLicense.xml
2025-07-24 02:37:37.250 - [ 47286] - [     8] - INFO  - [Unity.Licensing.Client.Services.EntitlementResolverProvider] Processed 1 license files in 00:00:00.0000253
2025-07-24 02:37:37.250 - [ 47286] - [     8] - INFO  - [Unity.Licensing.Client.Communication.ApiPipeHandler#1] REQ-24 | Sending EntitlementGroupsDetailsResponse for request EntitlementGroupsDetailsRequest from Hub 3.13.0 (LocalIPC/1.17) [200]:  Success, found: 1 groups
2025-07-24 02:37:37.261 - [ 47286] - [     8] - INFO  - [Unity.Licensing.Client.Communication.ApiPipeHandler#1] REQ-25 | Sending EntitlementsResponse for request EntitlementsRequest from Hub 3.13.0 (LocalIPC/1.17) [200]:  Found 1 entitlements
2025-07-24 03:30:01.110 - [ 47286] - [     8] - INFO  - [Unity.Licensing.Client.Communication.ApiPipeHandler#1] REQ-26 | Sending EntitlementsResponse for request EntitlementsRequest from Hub 3.13.0 (LocalIPC/1.17) [200]:  Found 1 entitlements
2025-07-24 03:30:01.144 - [ 47286] - [     8] - INFO  - [Unity.Licensing.Client.Communication.Controllers.EntitlementDetailsController] Finished handling EntitlementDetails request
2025-07-24 03:30:01.144 - [ 47286] - [     8] - INFO  - [Unity.Licensing.Client.Communication.ApiPipeHandler#1] REQ-27 | Sending EntitlementDetailsResponse for request EntitlementDetailsRequest from Hub 3.13.0 (LocalIPC/1.17) [404]:  Found 0 entitlement groups and 0 free entitlements matching requested entitlement ids
2025-07-24 03:30:23.674 - [ 47286] - [     8] - INFO  - [Unity.Licensing.Client.Communication.ApiPipeHandler#1] REQ-28 | Sending EntitlementsResponse for request EntitlementsRequest from Hub 3.13.0 (LocalIPC/1.17) [200]:  Found 1 entitlements
2025-07-24 03:30:23.686 - [ 47286] - [     8] - INFO  - [Unity.Licensing.Client.Communication.ApiPipeHandler#1] REQ-29 | Sending EntitlementsResponse for request EntitlementsRequest from Hub 3.13.0 (LocalIPC/1.17) [200]:  Found 1 entitlements
2025-07-24 03:30:23.867 - [ 47286] - [.NET Long Running Task] - INFO  - [Unity.Licensing.Client.MultiClientPipeServer] Waiting for a connection (pipe #3)
2025-07-24 03:30:23.868 - [ 47286] - [    27] - INFO  - [Unity.Licensing.Client.Communication.ApiPipeHandler#2] new pipe session: b8b903e6ac13479a84a988be6b7115d2
2025-07-24 03:30:23.868 - [ 47286] - [    27] - INFO  - [Unity.Licensing.Client.MultiClientPipeServer] A new client is connecting (pipe #2)
2025-07-24 03:30:23.868 - [ 47286] - [    27] - INFO  - [Unity.Licensing.Client.Communication.ApiPipeHandler#2] Start accepting requests
2025-07-24 03:30:23.877 - [ 47286] - [    27] - INFO  - [Unity.Licensing.Client.Communication.Controllers.HandshakeController] Received handshake from: UnityEditor/6000.1.13f1 (Linux; U; Linux 6.1; en_US) (LocalIPC/1.16.2)
2025-07-24 03:30:23.877 - [ 47286] - [    27] - INFO  - [Unity.Licensing.Client.Communication.ApiPipeHandler#2] REQ-1 | Sending HandshakeResponse for request HandshakeRequest from UnityEditor/6000.1.13f1 (Linux; U; Linux 6.1; en_US) (LocalIPC/1.16.2) [200]:  Handshake successful
2025-07-24 03:30:23.877 - [ 47286] - [.NET Long Running Task] - INFO  - [Unity.Licensing.Client.Communication.Notifications.NotificationsPipeServer] Waiting for a connection (pipe #3)
2025-07-24 03:30:23.877 - [ 47286] - [    32] - INFO  - [Unity.Licensing.Client.Communication.Notifications.NotificationsPipeServer] A new client is connecting (pipe #2)
2025-07-24 03:30:23.888 - [ 47286] - [    27] - INFO  - [Unity.Licensing.Client.Communication.Controllers.AccessTokenController] Got access token (expires in 31535999 seconds)
2025-07-24 03:30:23.888 - [ 47286] - [    27] - INFO  - [Unity.Licensing.Client.Communication.ApiPipeHandler#2] REQ-2 | Sending AccessTokenResponse for request AccessTokenRequest from UnityEditor/6000.1.13f1 (Linux; U; Linux 6.1; en_US) (LocalIPC/1.16.2) [200]:  (null)
2025-07-24 03:30:23.898 - [ 47286] - [    27] - INFO  - [Unity.Licensing.Client.Communication.Controllers.EntitlementDetailsController] Finished handling EntitlementDetails request
2025-07-24 03:30:23.900 - [ 47286] - [    27] - INFO  - [Unity.Licensing.Client.Communication.ApiPipeHandler#2] REQ-3 | Sending EntitlementDetailsResponse for request EntitlementDetailsRequest from UnityEditor/6000.1.13f1 (Linux; U; Linux 6.1; en_US) (LocalIPC/1.16.2) [200]:  Found 1 entitlement groups and 0 free entitlements matching requested entitlement ids
2025-07-24 03:30:23.914 - [ 47286] - [    32] - INFO  - [Unity.Licensing.Client.Services.Licensing.GenesisLicensingService] Attempting to contact genesis update license api
2025-07-24 03:30:23.915 - [ 47286] - [    27] - INFO  - [Unity.Licensing.Client.Communication.ApiPipeHandler#2] REQ-4 | Sending UpdateLicenseResponseV2 for request UpdateLicenseRequestV2 from UnityEditor/6000.1.13f1 (Linux; U; Linux 6.1; en_US) (LocalIPC/1.16.2) [202]:  Request accepted.
2025-07-24 03:30:23.926 - [ 47286] - [    27] - INFO  - [Unity.Licensing.Client.Communication.Controllers.EntitlementDetailsController] Finished handling EntitlementDetails request
2025-07-24 03:30:23.926 - [ 47286] - [    27] - INFO  - [Unity.Licensing.Client.Communication.ApiPipeHandler#2] REQ-5 | Sending EntitlementDetailsResponse for request EntitlementDetailsRequest from UnityEditor/6000.1.13f1 (Linux; U; Linux 6.1; en_US) (LocalIPC/1.16.2) [200]:  Found 1 entitlement groups and 0 free entitlements matching requested entitlement ids
2025-07-24 03:30:24.506 - [ 47286] - [    29] - INFO  - [Unity.Licensing.Client.Services.Licensing.GenesisLicensingService] Trying to write updated entitlement license file...
2025-07-24 03:30:24.506 - [ 47286] - [    29] - INFO  - [Unity.Licensing.Client.Services.Licensing.GenesisLicensingService] Successfully updated license file
2025-07-24 03:30:24.507 - [ 47286] - [    29] - ERROR - [Unity.Licensing.Client.Communication.Controllers.UpdateLicenseControllerV2] ulf update failed. Details: No ULF license found.
2025-07-24 03:30:24.507 - [ 47286] - [    29] - ERROR - [Unity.Licensing.Client.Communication.Controllers.UpdateLicenseControllerV2] floating update failed. Details: Unable to update floating licenses because the floating licensing is not enabled
2025-07-24 03:30:24.510 - [ 47286] - [    29] - INFO  - [Unity.Licensing.Client.Services.Helpers.LicenseFilesMapper] Successfully parsed license /home/crookedshaft/.config/unity3d/Unity/licenses/UnityEntitlementLicense.xml
2025-07-24 03:30:24.511 - [ 47286] - [    29] - INFO  - [Unity.Licensing.Client.Services.EntitlementResolverProvider] Rebuilding resolvers from local files:  /home/crookedshaft/.config/unity3d/Unity/licenses/UnityEntitlementLicense.xml
2025-07-24 03:30:24.511 - [ 47286] - [    29] - INFO  - [Unity.Licensing.Client.Services.EntitlementResolverProvider] Processing license /home/crookedshaft/.config/unity3d/Unity/licenses/UnityEntitlementLicense.xml
2025-07-24 03:30:24.511 - [ 47286] - [    29] - INFO  - [Unity.Licensing.Client.Services.EntitlementResolverProvider] Processed 1 license files in 00:00:00.0000448
2025-07-24 03:30:24.511 - [ 47286] - [    29] - INFO  - [Unity.Licensing.Client.Services.LicenseOfflineValidityEndingPeriodicNotifierService] OnEntitlementResolverUpdated, will restart timer
2025-07-24 03:30:24.511 - [ 47286] - [    32] - INFO  - [Unity.Licensing.Client.Services.LicenseOfflineValidityEndingPeriodicNotifierService] Will execute periodic notification again in 23.14:28:35.4886515
2025-07-24 03:36:57.463 - [ 47286] - [    18] - INFO  - [Unity.Licensing.Client.Configuration.ClientConfigurationLoader] Downloaded remote config from: "https://public-cdn.cloud.unity3d.com/config/production"
2025-07-24 03:36:57.463 - [ 47286] - [    18] - INFO  - [Unity.Licensing.Client.Configuration.ClientConfigurationLoader] Unity remote config is updated: "/home/crookedshaft/.config/unity3d/Unity/config/production.json"
2025-07-24 03:44:34.412 - [ 47286] - [     8] - INFO  - [Unity.Licensing.Client.Communication.ApiPipeHandler#1] REQ-30 | Sending EntitlementsResponse for request EntitlementsRequest from Hub 3.13.0 (LocalIPC/1.17) [200]:  Found 1 entitlements
2025-07-24 03:44:37.554 - [ 47286] - [     8] - INFO  - [Unity.Licensing.Client.Communication.ApiPipeHandler#1] REQ-31 | Sending EntitlementsResponse for request EntitlementsRequest from Hub 3.13.0 (LocalIPC/1.17) [200]:  Found 1 entitlements
2025-07-24 03:48:25.820 - [ 13574] - [     1] - INFO  - [Unity.Licensing.Client.Program] Command line arguments:  --namedPipe Unity-LicenseClient-crookedshaft --cloudEnvironment production
2025-07-24 03:48:25.828 - [ 13574] - [     1] - INFO  - [Unity.Licensing.Client.Program] Analytics CorrelationId: 94b5b6b799fe4bbcf406a639873ce03b
2025-07-24 03:48:25.829 - [ 13574] - [    10] - INFO  - [Unity.Licensing.Client.PipeServerExecutor] GlobalMutex Unity-LicenseClient-crookedshaft created (on thread: 10)
2025-07-24 03:48:25.829 - [ 13574] - [    11] - WARN  - [Unity.Licensing.Client.Services.Licensing.LicensingServiceConfiguration] Floating license server is not configured
2025-07-24 03:48:25.832 - [ 13574] - [     6] - INFO  - [Unity.Licensing.Client.MultiClientPipeServer] Starting named pipe server (on thread: 6)
2025-07-24 03:48:25.835 - [ 13574] - [     6] - INFO  - [Unity.Licensing.Client.MultiClientPipeServer] Named pipe server started
2025-07-24 03:48:25.835 - [ 13574] - [.NET Long Running Task] - INFO  - [Unity.Licensing.Client.MultiClientPipeServer] Waiting for a connection (pipe #1)
2025-07-24 03:48:25.836 - [ 13574] - [     6] - INFO  - [Unity.Licensing.Client.Communication.Notifications.NotificationsPipeServer] Starting named pipe server (on thread: 6)
2025-07-24 03:48:25.836 - [ 13574] - [     6] - INFO  - [Unity.Licensing.Client.Communication.Notifications.NotificationsPipeServer] Named pipe server started
2025-07-24 03:48:25.836 - [ 13574] - [.NET Long Running Task] - INFO  - [Unity.Licensing.Client.Communication.Notifications.NotificationsPipeServer] Waiting for a connection (pipe #1)
2025-07-24 03:48:25.839 - [ 13574] - [.NET Long Running Task] - INFO  - [Unity.Licensing.Client.MultiClientPipeServer] Waiting for a connection (pipe #2)
2025-07-24 03:48:25.841 - [ 13574] - [     8] - INFO  - [Unity.Licensing.Client.Communication.ApiPipeHandler#1] new pipe session: d5c79631fc354c8c957dacd172c18f75
2025-07-24 03:48:25.842 - [ 13574] - [     8] - INFO  - [Unity.Licensing.Client.MultiClientPipeServer] A new client is connecting (pipe #1)
2025-07-24 03:48:25.842 - [ 13574] - [     8] - INFO  - [Unity.Licensing.Client.Communication.ApiPipeHandler#1] Start accepting requests
2025-07-24 03:48:25.867 - [ 13574] - [     8] - INFO  - [Unity.Licensing.Client.Communication.Controllers.HandshakeController] Received handshake from: Hub 3.13.0 (LocalIPC/1.17.0)
2025-07-24 03:48:25.876 - [ 13574] - [     8] - INFO  - [Unity.Licensing.Client.Communication.ApiPipeHandler#1] REQ-1 | Sending HandshakeResponse for request HandshakeRequest from Hub 3.13.0 (LocalIPC/1.17) [200]:  Handshake successful
2025-07-24 03:48:25.878 - [ 13574] - [.NET Long Running Task] - INFO  - [Unity.Licensing.Client.Communication.Notifications.NotificationsPipeServer] Waiting for a connection (pipe #2)
2025-07-24 03:48:25.878 - [ 13574] - [    16] - INFO  - [Unity.Licensing.Client.Communication.Notifications.NotificationsPipeServer] A new client is connecting (pipe #1)
2025-07-24 03:48:25.891 - [ 13574] - [    11] - INFO  - [Unity.Licensing.Client.Services.Helpers.LicenseFilesMapper] Successfully parsed license /home/crookedshaft/.config/unity3d/Unity/licenses/UnityEntitlementLicense.xml
2025-07-24 03:48:25.892 - [ 13574] - [    11] - INFO  - [Unity.Licensing.Client.Services.EntitlementResolverProvider] Rebuilding resolvers from local files:  /home/crookedshaft/.config/unity3d/Unity/licenses/UnityEntitlementLicense.xml
2025-07-24 03:48:25.892 - [ 13574] - [    11] - INFO  - [Unity.Licensing.Client.Services.EntitlementResolverProvider] Processing license /home/crookedshaft/.config/unity3d/Unity/licenses/UnityEntitlementLicense.xml
2025-07-24 03:48:25.893 - [ 13574] - [    11] - INFO  - [Unity.Licensing.Client.Services.EntitlementResolverProvider] Processed 1 license files in 00:00:00.0012375
2025-07-24 03:48:25.919 - [ 13574] - [     8] - INFO  - [Unity.Licensing.Client.Communication.Controllers.AccessTokenController] Got access token (expires in 30758400 seconds)
2025-07-24 03:48:25.920 - [ 13574] - [     8] - INFO  - [Unity.Licensing.Client.Communication.ApiPipeHandler#1] REQ-2 | Sending AccessTokenResponse for request AccessTokenRequest from Hub 3.13.0 (LocalIPC/1.17) [200]:  (null)
2025-07-24 03:48:25.927 - [ 13574] - [    11] - INFO  - [Unity.Licensing.Client.Services.Helpers.LicenseFilesMapper] Successfully parsed license /home/crookedshaft/.config/unity3d/Unity/licenses/UnityEntitlementLicense.xml
2025-07-24 03:48:25.927 - [ 13574] - [    11] - INFO  - [Unity.Licensing.Client.Services.Replication.InactiveLicenseFileCleaner] Start cleaning expired and inactive license file(s): 
/home/crookedshaft/.config/unity3d/Unity/licenses/UnityEntitlementLicense.xml
2025-07-24 03:48:25.928 - [ 13574] - [    11] - INFO  - [Unity.Licensing.Client.Services.Replication.InactiveLicenseFileCleaner] Cleanup finished successfully, deleted 0 expired license file(s)
2025-07-24 03:48:25.929 - [ 13574] - [     8] - INFO  - [Unity.Licensing.Client.Services.Helpers.LicenseFilesMapper] Successfully parsed license /home/crookedshaft/.config/unity3d/Unity/licenses/UnityEntitlementLicense.xml
2025-07-24 03:48:25.929 - [ 13574] - [     8] - INFO  - [Unity.Licensing.Client.Services.EntitlementResolverProvider] Rebuilding resolvers from local files:  /home/crookedshaft/.config/unity3d/Unity/licenses/UnityEntitlementLicense.xml
2025-07-24 03:48:25.929 - [ 13574] - [     8] - INFO  - [Unity.Licensing.Client.Services.EntitlementResolverProvider] Processing license /home/crookedshaft/.config/unity3d/Unity/licenses/UnityEntitlementLicense.xml
2025-07-24 03:48:25.929 - [ 13574] - [     8] - INFO  - [Unity.Licensing.Client.Services.EntitlementResolverProvider] Processed 1 license files in 00:00:00.0000914
2025-07-24 03:48:25.935 - [ 13574] - [     8] - INFO  - [Unity.Licensing.Client.Services.Helpers.LicenseFilesMapper] Successfully parsed license /home/crookedshaft/.config/unity3d/Unity/licenses/UnityEntitlementLicense.xml
2025-07-24 03:48:25.935 - [ 13574] - [     8] - INFO  - [Unity.Licensing.Client.Services.EntitlementResolverProvider] Rebuilding resolvers from local files:  /home/crookedshaft/.config/unity3d/Unity/licenses/UnityEntitlementLicense.xml
2025-07-24 03:48:25.935 - [ 13574] - [     8] - INFO  - [Unity.Licensing.Client.Services.EntitlementResolverProvider] Processing license /home/crookedshaft/.config/unity3d/Unity/licenses/UnityEntitlementLicense.xml
2025-07-24 03:48:25.935 - [ 13574] - [     8] - INFO  - [Unity.Licensing.Client.Services.EntitlementResolverProvider] Processed 1 license files in 00:00:00.0000260
2025-07-24 03:48:25.939 - [ 13574] - [     8] - INFO  - [Unity.Licensing.Client.Communication.ApiPipeHandler#1] REQ-3 | Sending EntitlementGroupsDetailsResponse for request EntitlementGroupsDetailsRequest from Hub 3.13.0 (LocalIPC/1.17) [200]:  Success, found: 1 groups
2025-07-24 03:48:25.942 - [ 13574] - [    19] - INFO  - [Unity.Licensing.Client.Services.Package.PackageEnforcer] Trying to update PACL ...
2025-07-24 03:48:25.943 - [ 13574] - [     8] - INFO  - [Unity.Licensing.Client.Services.Helpers.LicenseFilesMapper] Successfully parsed license /home/crookedshaft/.config/unity3d/Unity/licenses/UnityEntitlementLicense.xml
2025-07-24 03:48:25.943 - [ 13574] - [     8] - INFO  - [Unity.Licensing.Client.Services.EntitlementResolverProvider] Rebuilding resolvers from local files:  /home/crookedshaft/.config/unity3d/Unity/licenses/UnityEntitlementLicense.xml
2025-07-24 03:48:25.943 - [ 13574] - [     8] - INFO  - [Unity.Licensing.Client.Services.EntitlementResolverProvider] Processing license /home/crookedshaft/.config/unity3d/Unity/licenses/UnityEntitlementLicense.xml
2025-07-24 03:48:25.943 - [ 13574] - [     8] - INFO  - [Unity.Licensing.Client.Services.EntitlementResolverProvider] Processed 1 license files in 00:00:00.0000285
2025-07-24 03:48:25.946 - [ 13574] - [     8] - INFO  - [Unity.Licensing.Client.Services.Helpers.LicenseFilesMapper] Successfully parsed license /home/crookedshaft/.config/unity3d/Unity/licenses/UnityEntitlementLicense.xml
2025-07-24 03:48:25.946 - [ 13574] - [     8] - INFO  - [Unity.Licensing.Client.Services.EntitlementResolverProvider] Rebuilding resolvers from local files:  /home/crookedshaft/.config/unity3d/Unity/licenses/UnityEntitlementLicense.xml
2025-07-24 03:48:25.946 - [ 13574] - [     8] - INFO  - [Unity.Licensing.Client.Services.EntitlementResolverProvider] Processing license /home/crookedshaft/.config/unity3d/Unity/licenses/UnityEntitlementLicense.xml
2025-07-24 03:48:25.946 - [ 13574] - [     8] - INFO  - [Unity.Licensing.Client.Services.EntitlementResolverProvider] Processed 1 license files in 00:00:00.0000328
2025-07-24 03:48:25.947 - [ 13574] - [     8] - INFO  - [Unity.Licensing.Client.Communication.ApiPipeHandler#1] REQ-4 | Sending EntitlementGroupsDetailsResponse for request EntitlementGroupsDetailsRequest from Hub 3.13.0 (LocalIPC/1.17) [200]:  Success, found: 1 groups
2025-07-24 03:48:25.947 - [ 13574] - [    19] - INFO  - [Unity.Licensing.Client.Services.Package.PackageService] Getting PACL from remote uri: "https://license.unity3d.com/licenses/v1/packages/acl" ...
2025-07-24 03:48:25.950 - [ 13574] - [    19] - INFO  - [Unity.Licensing.Client.Services.Package.PackageService] Local PACL revision: 39
2025-07-24 03:48:25.953 - [ 13574] - [     8] - INFO  - [Unity.Licensing.Client.Services.Helpers.LicenseFilesMapper] Successfully parsed license /home/crookedshaft/.config/unity3d/Unity/licenses/UnityEntitlementLicense.xml
2025-07-24 03:48:25.953 - [ 13574] - [     8] - INFO  - [Unity.Licensing.Client.Services.EntitlementResolverProvider] Rebuilding resolvers from local files:  /home/crookedshaft/.config/unity3d/Unity/licenses/UnityEntitlementLicense.xml
2025-07-24 03:48:25.953 - [ 13574] - [     8] - INFO  - [Unity.Licensing.Client.Services.EntitlementResolverProvider] Processing license /home/crookedshaft/.config/unity3d/Unity/licenses/UnityEntitlementLicense.xml
2025-07-24 03:48:25.953 - [ 13574] - [     8] - INFO  - [Unity.Licensing.Client.Services.EntitlementResolverProvider] Processed 1 license files in 00:00:00.0000339
2025-07-24 03:48:25.956 - [ 13574] - [     8] - INFO  - [Unity.Licensing.Client.Services.Helpers.LicenseFilesMapper] Successfully parsed license /home/crookedshaft/.config/unity3d/Unity/licenses/UnityEntitlementLicense.xml
2025-07-24 03:48:25.956 - [ 13574] - [     8] - INFO  - [Unity.Licensing.Client.Services.EntitlementResolverProvider] Rebuilding resolvers from local files:  /home/crookedshaft/.config/unity3d/Unity/licenses/UnityEntitlementLicense.xml
2025-07-24 03:48:25.956 - [ 13574] - [     8] - INFO  - [Unity.Licensing.Client.Services.EntitlementResolverProvider] Processing license /home/crookedshaft/.config/unity3d/Unity/licenses/UnityEntitlementLicense.xml
2025-07-24 03:48:25.956 - [ 13574] - [     8] - INFO  - [Unity.Licensing.Client.Services.EntitlementResolverProvider] Processed 1 license files in 00:00:00.0000244
2025-07-24 03:48:25.956 - [ 13574] - [     8] - INFO  - [Unity.Licensing.Client.Communication.ApiPipeHandler#1] REQ-5 | Sending EntitlementGroupsDetailsResponse for request EntitlementGroupsDetailsRequest from Hub 3.13.0 (LocalIPC/1.17) [200]:  Success, found: 1 groups
2025-07-24 03:48:26.126 - [ 13574] - [     9] - INFO  - [Unity.Licensing.Client.CommandExecutors.Startup.ProgramInitializer] Running in production mode
2025-07-24 03:48:26.126 - [ 13574] - [     9] - INFO  - [Unity.Licensing.Client.CommandExecutors.Startup.ProgramInitializer] Client product version: 1.17.0+aa6cfba
2025-07-24 03:48:26.126 - [ 13574] - [     9] - INFO  - [Unity.Licensing.Client.CommandExecutors.Startup.ProgramInitializer] Client assembly version: 1.17.0.0
2025-07-24 03:48:26.127 - [ 13574] - [     9] - INFO  - [Unity.Licensing.Client.CommandExecutors.Startup.ProgramInitializer] File version: 1.17.0 (/opt/unityhub/UnityLicensingClient_V1/Unity.Licensing.Client.dll)
2025-07-24 03:48:26.127 - [ 13574] - [     9] - INFO  - [Unity.Licensing.Client.CommandExecutors.Startup.ProgramInitializer] Current OS: Linux 6.14.0-24-generic #24~24.04.3-Ubuntu SMP PREEMPT_DYNAMIC Mon Jul  7 16:39:17 UTC 2
2025-07-24 03:48:26.252 - [ 13574] - [    16] - WARN  - [PackageService.HttpRequests] Handled response: [304 | Not Modified | ] from request: [GET | https://license.unity3d.com/licenses/v1/packages/acl | ]
2025-07-24 03:48:26.253 - [ 13574] - [    16] - INFO  - [Unity.Licensing.Client.Services.Package.PackageService] Skipping download. No difference between local and remote ETag (uri: "https://license.unity3d.com/licenses/v1/packages/acl", ETag: "a47d5a1970206e966118a4cde027cb63")
2025-07-24 03:48:26.254 - [ 13574] - [    16] - INFO  - [Unity.Licensing.Client.Services.Package.PackageEnforcer] Successfully updated PACL file after 1 attempt(s). Next update in 24.00 hours.
2025-07-24 03:48:26.254 - [ 13574] - [    16] - INFO  - [Unity.Licensing.Client.Services.Package.PackageEnforcer] Loading remote PACL, revision: 39, version: 1.0
2025-07-24 03:48:26.558 - [ 13574] - [     8] - INFO  - [Unity.Licensing.Client.Services.Licensing.GenesisLicensingService] Attempting to contact genesis update license api
2025-07-24 03:48:26.919 - [ 13574] - [    16] - INFO  - [Unity.Licensing.Client.Services.Licensing.GenesisLicensingService] Trying to write updated entitlement license file...
2025-07-24 03:48:26.919 - [ 13574] - [    16] - INFO  - [Unity.Licensing.Client.Services.Licensing.GenesisLicensingService] Successfully updated license file
2025-07-24 03:48:26.923 - [ 13574] - [    16] - INFO  - [Unity.Licensing.Client.Services.EntitlementResolverProvider] OnLicenseDirUpdate
2025-07-24 03:48:26.923 - [ 13574] - [    16] - INFO  - [Unity.Licensing.Client.Services.EntitlementResolverProvider] License file change detected. Reloading the resolver
2025-07-24 03:48:26.923 - [ 13574] - [     8] - INFO  - [Unity.Licensing.Client.Services.Helpers.LicenseFilesMapper] Successfully parsed license /home/crookedshaft/.config/unity3d/Unity/licenses/UnityEntitlementLicense.xml
2025-07-24 03:48:26.923 - [ 13574] - [     8] - INFO  - [Unity.Licensing.Client.Services.EntitlementResolverProvider] Rebuilding resolvers from local files:  /home/crookedshaft/.config/unity3d/Unity/licenses/UnityEntitlementLicense.xml
2025-07-24 03:48:26.923 - [ 13574] - [     8] - INFO  - [Unity.Licensing.Client.Services.EntitlementResolverProvider] Processing license /home/crookedshaft/.config/unity3d/Unity/licenses/UnityEntitlementLicense.xml
2025-07-24 03:48:26.924 - [ 13574] - [     8] - INFO  - [Unity.Licensing.Client.Services.EntitlementResolverProvider] Processed 1 license files in 00:00:00.0000697
2025-07-24 03:48:26.929 - [ 13574] - [     8] - INFO  - [Unity.Licensing.Client.Services.LicenseOfflineValidityEndingPeriodicNotifierService] OnEntitlementResolverUpdated, will restart timer
2025-07-24 03:48:26.931 - [ 13574] - [     8] - INFO  - [Unity.Licensing.Client.Communication.ApiPipeHandler#1] REQ-6 | Sending ActivationManagementResponse for request ActivationManagementRequest from Hub 3.13.0 (LocalIPC/1.17) [207]:  Successfully processed activation management call
2025-07-24 03:48:26.933 - [ 13574] - [    21] - INFO  - [Unity.Licensing.Client.Services.LicenseOfflineValidityEndingPeriodicNotifierService] Will execute periodic notification again in 23.14:10:33.0683609
2025-07-24 03:48:26.935 - [ 13574] - [     8] - INFO  - [Unity.Licensing.Client.Services.Helpers.LicenseFilesMapper] Successfully parsed license /home/crookedshaft/.config/unity3d/Unity/licenses/UnityEntitlementLicense.xml
2025-07-24 03:48:26.935 - [ 13574] - [     8] - INFO  - [Unity.Licensing.Client.Services.EntitlementResolverProvider] Rebuilding resolvers from local files:  /home/crookedshaft/.config/unity3d/Unity/licenses/UnityEntitlementLicense.xml
2025-07-24 03:48:26.935 - [ 13574] - [     8] - INFO  - [Unity.Licensing.Client.Services.EntitlementResolverProvider] Processing license /home/crookedshaft/.config/unity3d/Unity/licenses/UnityEntitlementLicense.xml
2025-07-24 03:48:26.935 - [ 13574] - [     8] - INFO  - [Unity.Licensing.Client.Services.EntitlementResolverProvider] Processed 1 license files in 00:00:00.0000511
2025-07-24 03:48:26.939 - [ 13574] - [     8] - INFO  - [Unity.Licensing.Client.Services.Helpers.LicenseFilesMapper] Successfully parsed license /home/crookedshaft/.config/unity3d/Unity/licenses/UnityEntitlementLicense.xml
2025-07-24 03:48:26.939 - [ 13574] - [     8] - INFO  - [Unity.Licensing.Client.Services.EntitlementResolverProvider] Rebuilding resolvers from local files:  /home/crookedshaft/.config/unity3d/Unity/licenses/UnityEntitlementLicense.xml
2025-07-24 03:48:26.939 - [ 13574] - [     8] - INFO  - [Unity.Licensing.Client.Services.EntitlementResolverProvider] Processing license /home/crookedshaft/.config/unity3d/Unity/licenses/UnityEntitlementLicense.xml
2025-07-24 03:48:26.939 - [ 13574] - [     8] - INFO  - [Unity.Licensing.Client.Services.EntitlementResolverProvider] Processed 1 license files in 00:00:00.0000319
2025-07-24 03:48:26.939 - [ 13574] - [     8] - INFO  - [Unity.Licensing.Client.Communication.ApiPipeHandler#1] REQ-7 | Sending EntitlementGroupsDetailsResponse for request EntitlementGroupsDetailsRequest from Hub 3.13.0 (LocalIPC/1.17) [200]:  Success, found: 1 groups
2025-07-24 03:48:26.943 - [ 13574] - [     8] - INFO  - [Unity.Licensing.Client.Services.Helpers.LicenseFilesMapper] Successfully parsed license /home/crookedshaft/.config/unity3d/Unity/licenses/UnityEntitlementLicense.xml
2025-07-24 03:48:26.943 - [ 13574] - [     8] - INFO  - [Unity.Licensing.Client.Services.EntitlementResolverProvider] Rebuilding resolvers from local files:  /home/crookedshaft/.config/unity3d/Unity/licenses/UnityEntitlementLicense.xml
2025-07-24 03:48:26.943 - [ 13574] - [     8] - INFO  - [Unity.Licensing.Client.Services.EntitlementResolverProvider] Processing license /home/crookedshaft/.config/unity3d/Unity/licenses/UnityEntitlementLicense.xml
2025-07-24 03:48:26.943 - [ 13574] - [     8] - INFO  - [Unity.Licensing.Client.Services.EntitlementResolverProvider] Processed 1 license files in 00:00:00.0000392
2025-07-24 03:48:26.947 - [ 13574] - [     8] - INFO  - [Unity.Licensing.Client.Services.Helpers.LicenseFilesMapper] Successfully parsed license /home/crookedshaft/.config/unity3d/Unity/licenses/UnityEntitlementLicense.xml
2025-07-24 03:48:26.947 - [ 13574] - [     8] - INFO  - [Unity.Licensing.Client.Services.EntitlementResolverProvider] Rebuilding resolvers from local files:  /home/crookedshaft/.config/unity3d/Unity/licenses/UnityEntitlementLicense.xml
2025-07-24 03:48:26.947 - [ 13574] - [     8] - INFO  - [Unity.Licensing.Client.Services.EntitlementResolverProvider] Processing license /home/crookedshaft/.config/unity3d/Unity/licenses/UnityEntitlementLicense.xml
2025-07-24 03:48:26.947 - [ 13574] - [     8] - INFO  - [Unity.Licensing.Client.Services.EntitlementResolverProvider] Processed 1 license files in 00:00:00.0000417
2025-07-24 03:48:26.947 - [ 13574] - [     8] - INFO  - [Unity.Licensing.Client.Communication.ApiPipeHandler#1] REQ-8 | Sending EntitlementGroupsDetailsResponse for request EntitlementGroupsDetailsRequest from Hub 3.13.0 (LocalIPC/1.17) [200]:  Success, found: 1 groups
2025-07-24 03:48:27.155 - [ 13574] - [     8] - INFO  - [Unity.Licensing.Client.Communication.ApiPipeHandler#1] REQ-9 | Sending EntitlementsResponse for request EntitlementsRequest from Hub 3.13.0 (LocalIPC/1.17) [200]:  Found 1 entitlements
2025-07-24 03:48:27.415 - [ 13574] - [     8] - INFO  - [Unity.Licensing.Client.Communication.Controllers.EntitlementDetailsController] Finished handling EntitlementDetails request
2025-07-24 03:48:27.416 - [ 13574] - [     8] - INFO  - [Unity.Licensing.Client.Communication.ApiPipeHandler#1] REQ-10 | Sending EntitlementDetailsResponse for request EntitlementDetailsRequest from Hub 3.13.0 (LocalIPC/1.17) [404]:  Found 0 entitlement groups and 0 free entitlements matching requested entitlement ids
2025-07-24 03:48:27.434 - [ 13574] - [     8] - INFO  - [Unity.Licensing.Client.Communication.Controllers.EntitlementDetailsController] Finished handling EntitlementDetails request
2025-07-24 03:48:27.434 - [ 13574] - [     8] - INFO  - [Unity.Licensing.Client.Communication.ApiPipeHandler#1] REQ-11 | Sending EntitlementDetailsResponse for request EntitlementDetailsRequest from Hub 3.13.0 (LocalIPC/1.17) [404]:  Found 0 entitlement groups and 0 free entitlements matching requested entitlement ids
2025-07-24 03:48:27.444 - [ 13574] - [     8] - INFO  - [Unity.Licensing.Client.Services.Helpers.LicenseFilesMapper] Successfully parsed license /home/crookedshaft/.config/unity3d/Unity/licenses/UnityEntitlementLicense.xml
2025-07-24 03:48:27.444 - [ 13574] - [     8] - INFO  - [Unity.Licensing.Client.Services.EntitlementResolverProvider] Rebuilding resolvers from local files:  /home/crookedshaft/.config/unity3d/Unity/licenses/UnityEntitlementLicense.xml
2025-07-24 03:48:27.444 - [ 13574] - [     8] - INFO  - [Unity.Licensing.Client.Services.EntitlementResolverProvider] Processing license /home/crookedshaft/.config/unity3d/Unity/licenses/UnityEntitlementLicense.xml
2025-07-24 03:48:27.444 - [ 13574] - [     8] - INFO  - [Unity.Licensing.Client.Services.EntitlementResolverProvider] Processed 1 license files in 00:00:00.0000718
2025-07-24 03:48:27.448 - [ 13574] - [     8] - INFO  - [Unity.Licensing.Client.Services.Helpers.LicenseFilesMapper] Successfully parsed license /home/crookedshaft/.config/unity3d/Unity/licenses/UnityEntitlementLicense.xml
2025-07-24 03:48:27.448 - [ 13574] - [     8] - INFO  - [Unity.Licensing.Client.Services.EntitlementResolverProvider] Rebuilding resolvers from local files:  /home/crookedshaft/.config/unity3d/Unity/licenses/UnityEntitlementLicense.xml
2025-07-24 03:48:27.448 - [ 13574] - [     8] - INFO  - [Unity.Licensing.Client.Services.EntitlementResolverProvider] Processing license /home/crookedshaft/.config/unity3d/Unity/licenses/UnityEntitlementLicense.xml
2025-07-24 03:48:27.448 - [ 13574] - [     8] - INFO  - [Unity.Licensing.Client.Services.EntitlementResolverProvider] Processed 1 license files in 00:00:00.0000349
2025-07-24 03:48:27.448 - [ 13574] - [     8] - INFO  - [Unity.Licensing.Client.Communication.ApiPipeHandler#1] REQ-12 | Sending EntitlementGroupsDetailsResponse for request EntitlementGroupsDetailsRequest from Hub 3.13.0 (LocalIPC/1.17) [200]:  Success, found: 1 groups
2025-07-24 03:48:27.459 - [ 13574] - [     8] - INFO  - [Unity.Licensing.Client.Communication.ApiPipeHandler#1] REQ-13 | Sending EntitlementsResponse for request EntitlementsRequest from Hub 3.13.0 (LocalIPC/1.17) [200]:  Found 1 entitlements
2025-07-24 03:48:39.978 - [ 13574] - [     8] - INFO  - [Unity.Licensing.Client.Communication.ApiPipeHandler#1] REQ-14 | Sending EntitlementsResponse for request EntitlementsRequest from Hub 3.13.0 (LocalIPC/1.17) [200]:  Found 1 entitlements
2025-07-24 03:49:03.183 - [ 13574] - [     8] - INFO  - [Unity.Licensing.Client.Communication.ApiPipeHandler#1] REQ-15 | Sending EntitlementsResponse for request EntitlementsRequest from Hub 3.13.0 (LocalIPC/1.17) [200]:  Found 1 entitlements
2025-07-24 03:50:48.883 - [ 13574] - [     8] - INFO  - [Unity.Licensing.Client.Communication.ApiPipeHandler#1] REQ-16 | Sending EntitlementsResponse for request EntitlementsRequest from Hub 3.13.0 (LocalIPC/1.17) [200]:  Found 1 entitlements
2025-07-24 03:50:49.851 - [ 13574] - [     8] - INFO  - [Unity.Licensing.Client.Communication.ApiPipeHandler#1] REQ-17 | Sending EntitlementsResponse for request EntitlementsRequest from Hub 3.13.0 (LocalIPC/1.17) [200]:  Found 1 entitlements
2025-07-24 03:50:58.929 - [ 13574] - [     8] - INFO  - [Unity.Licensing.Client.Communication.ApiPipeHandler#1] REQ-18 | Sending EntitlementsResponse for request EntitlementsRequest from Hub 3.13.0 (LocalIPC/1.17) [200]:  Found 1 entitlements
2025-07-24 03:51:01.285 - [ 13574] - [     8] - INFO  - [Unity.Licensing.Client.Communication.ApiPipeHandler#1] REQ-19 | Sending EntitlementsResponse for request EntitlementsRequest from Hub 3.13.0 (LocalIPC/1.17) [200]:  Found 1 entitlements
2025-07-24 03:51:01.476 - [ 13574] - [     8] - INFO  - [Unity.Licensing.Client.Communication.ApiPipeHandler#1] REQ-20 | Sending EntitlementsResponse for request EntitlementsRequest from Hub 3.13.0 (LocalIPC/1.17) [200]:  Found 1 entitlements
2025-07-24 03:51:11.143 - [ 13574] - [     8] - INFO  - [Unity.Licensing.Client.Services.Helpers.LicenseFilesMapper] Successfully parsed license /home/crookedshaft/.config/unity3d/Unity/licenses/UnityEntitlementLicense.xml
2025-07-24 03:51:11.143 - [ 13574] - [     8] - INFO  - [Unity.Licensing.Client.Services.EntitlementResolverProvider] Rebuilding resolvers from local files:  /home/crookedshaft/.config/unity3d/Unity/licenses/UnityEntitlementLicense.xml
2025-07-24 03:51:11.143 - [ 13574] - [     8] - INFO  - [Unity.Licensing.Client.Services.EntitlementResolverProvider] Processing license /home/crookedshaft/.config/unity3d/Unity/licenses/UnityEntitlementLicense.xml
2025-07-24 03:51:11.143 - [ 13574] - [     8] - INFO  - [Unity.Licensing.Client.Services.EntitlementResolverProvider] Processed 1 license files in 00:00:00.0001148
2025-07-24 03:51:11.148 - [ 13574] - [     8] - INFO  - [Unity.Licensing.Client.Services.Helpers.LicenseFilesMapper] Successfully parsed license /home/crookedshaft/.config/unity3d/Unity/licenses/UnityEntitlementLicense.xml
2025-07-24 03:51:11.148 - [ 13574] - [     8] - INFO  - [Unity.Licensing.Client.Services.EntitlementResolverProvider] Rebuilding resolvers from local files:  /home/crookedshaft/.config/unity3d/Unity/licenses/UnityEntitlementLicense.xml
2025-07-24 03:51:11.148 - [ 13574] - [     8] - INFO  - [Unity.Licensing.Client.Services.EntitlementResolverProvider] Processing license /home/crookedshaft/.config/unity3d/Unity/licenses/UnityEntitlementLicense.xml
2025-07-24 03:51:11.148 - [ 13574] - [     8] - INFO  - [Unity.Licensing.Client.Services.EntitlementResolverProvider] Processed 1 license files in 00:00:00.0000607
2025-07-24 03:51:11.149 - [ 13574] - [     8] - INFO  - [Unity.Licensing.Client.Communication.ApiPipeHandler#1] REQ-21 | Sending EntitlementGroupsDetailsResponse for request EntitlementGroupsDetailsRequest from Hub 3.13.0 (LocalIPC/1.17) [200]:  Success, found: 1 groups
2025-07-24 03:51:11.166 - [ 13574] - [     8] - INFO  - [Unity.Licensing.Client.Communication.ApiPipeHandler#1] REQ-22 | Sending EntitlementsResponse for request EntitlementsRequest from Hub 3.13.0 (LocalIPC/1.17) [200]:  Found 1 entitlements
2025-07-24 04:09:08.597 - [ 13574] - [     8] - INFO  - [Unity.Licensing.Client.Communication.Controllers.EntitlementDetailsController] Finished handling EntitlementDetails request
2025-07-24 04:09:08.597 - [ 13574] - [     8] - INFO  - [Unity.Licensing.Client.Communication.ApiPipeHandler#1] REQ-23 | Sending EntitlementDetailsResponse for request EntitlementDetailsRequest from Hub 3.13.0 (LocalIPC/1.17) [404]:  Found 0 entitlement groups and 0 free entitlements matching requested entitlement ids
2025-07-24 04:09:14.767 - [ 13574] - [     8] - INFO  - [Unity.Licensing.Client.Communication.Controllers.EntitlementDetailsController] Finished handling EntitlementDetails request
2025-07-24 04:09:14.767 - [ 13574] - [     8] - INFO  - [Unity.Licensing.Client.Communication.ApiPipeHandler#1] REQ-24 | Sending EntitlementDetailsResponse for request EntitlementDetailsRequest from Hub 3.13.0 (LocalIPC/1.17) [404]:  Found 0 entitlement groups and 0 free entitlements matching requested entitlement ids
2025-07-24 04:25:34.067 - [ 13574] - [     8] - INFO  - [Unity.Licensing.Client.Communication.ApiPipeHandler#1] REQ-25 | Sending EntitlementsResponse for request EntitlementsRequest from Hub 3.13.0 (LocalIPC/1.17) [200]:  Found 1 entitlements
2025-07-24 04:25:34.079 - [ 13574] - [     8] - INFO  - [Unity.Licensing.Client.Communication.ApiPipeHandler#1] REQ-26 | Sending EntitlementsResponse for request EntitlementsRequest from Hub 3.13.0 (LocalIPC/1.17) [200]:  Found 1 entitlements
2025-07-24 04:25:34.139 - [ 13574] - [.NET Long Running Task] - INFO  - [Unity.Licensing.Client.MultiClientPipeServer] Waiting for a connection (pipe #3)
2025-07-24 04:25:34.139 - [ 13574] - [     3] - INFO  - [Unity.Licensing.Client.Communication.ApiPipeHandler#2] new pipe session: 053fe0d53bb34c0cbd9719e1de87a56c
2025-07-24 04:25:34.140 - [ 13574] - [     3] - INFO  - [Unity.Licensing.Client.MultiClientPipeServer] A new client is connecting (pipe #2)
2025-07-24 04:25:34.140 - [ 13574] - [     3] - INFO  - [Unity.Licensing.Client.Communication.ApiPipeHandler#2] Start accepting requests
2025-07-24 04:25:34.149 - [ 13574] - [     3] - INFO  - [Unity.Licensing.Client.Communication.Controllers.HandshakeController] Received handshake from: UnityEditor/6000.0.41f1 (Linux; U; Linux 6.1; en_US) (LocalIPC/1.16.2)
2025-07-24 04:25:34.149 - [ 13574] - [     3] - INFO  - [Unity.Licensing.Client.Communication.ApiPipeHandler#2] REQ-1 | Sending HandshakeResponse for request HandshakeRequest from UnityEditor/6000.0.41f1 (Linux; U; Linux 6.1; en_US) (LocalIPC/1.16.2) [200]:  Handshake successful
2025-07-24 04:25:34.149 - [ 13574] - [.NET Long Running Task] - INFO  - [Unity.Licensing.Client.Communication.Notifications.NotificationsPipeServer] Waiting for a connection (pipe #3)
2025-07-24 04:25:34.149 - [ 13574] - [    23] - INFO  - [Unity.Licensing.Client.Communication.Notifications.NotificationsPipeServer] A new client is connecting (pipe #2)
2025-07-24 04:25:34.159 - [ 13574] - [     3] - INFO  - [Unity.Licensing.Client.Communication.Controllers.AccessTokenController] Got access token (expires in 31535999 seconds)
2025-07-24 04:25:34.160 - [ 13574] - [     3] - INFO  - [Unity.Licensing.Client.Communication.ApiPipeHandler#2] REQ-2 | Sending AccessTokenResponse for request AccessTokenRequest from UnityEditor/6000.0.41f1 (Linux; U; Linux 6.1; en_US) (LocalIPC/1.16.2) [200]:  (null)
2025-07-24 04:25:34.174 - [ 13574] - [     3] - INFO  - [Unity.Licensing.Client.Services.Licensing.GenesisLicensingService] Attempting to contact genesis update license api
2025-07-24 04:25:34.795 - [ 13574] - [    23] - INFO  - [Unity.Licensing.Client.Services.Licensing.GenesisLicensingService] Trying to write updated entitlement license file...
2025-07-24 04:25:34.795 - [ 13574] - [    23] - INFO  - [Unity.Licensing.Client.Services.Licensing.GenesisLicensingService] Successfully updated license file
2025-07-24 04:25:34.796 - [ 13574] - [    29] - INFO  - [Unity.Licensing.Client.Services.EntitlementResolverProvider] OnLicenseDirUpdate
2025-07-24 04:25:34.796 - [ 13574] - [    29] - INFO  - [Unity.Licensing.Client.Services.EntitlementResolverProvider] License file change detected. Reloading the resolver
2025-07-24 04:25:34.799 - [ 13574] - [     3] - INFO  - [Unity.Licensing.Client.Services.Helpers.LicenseFilesMapper] Successfully parsed license /home/crookedshaft/.config/unity3d/Unity/licenses/UnityEntitlementLicense.xml
2025-07-24 04:25:34.799 - [ 13574] - [     3] - INFO  - [Unity.Licensing.Client.Services.EntitlementResolverProvider] Rebuilding resolvers from local files:  /home/crookedshaft/.config/unity3d/Unity/licenses/UnityEntitlementLicense.xml
2025-07-24 04:25:34.799 - [ 13574] - [     3] - INFO  - [Unity.Licensing.Client.Services.EntitlementResolverProvider] Processing license /home/crookedshaft/.config/unity3d/Unity/licenses/UnityEntitlementLicense.xml
2025-07-24 04:25:34.799 - [ 13574] - [     3] - INFO  - [Unity.Licensing.Client.Services.EntitlementResolverProvider] Processed 1 license files in 00:00:00.0000540
2025-07-24 04:25:34.799 - [ 13574] - [     3] - INFO  - [Unity.Licensing.Client.Services.LicenseOfflineValidityEndingPeriodicNotifierService] OnEntitlementResolverUpdated, will restart timer
2025-07-24 04:25:34.799 - [ 13574] - [     3] - ERROR - [Unity.Licensing.Client.Communication.Controllers.UpdateLicenseController] ulf update failed. Details: No ULF license found.
2025-07-24 04:25:34.799 - [ 13574] - [    23] - INFO  - [Unity.Licensing.Client.Services.LicenseOfflineValidityEndingPeriodicNotifierService] Will execute periodic notification again in 23.13:33:25.2001039
2025-07-24 04:25:34.800 - [ 13574] - [     3] - INFO  - [Unity.Licensing.Client.Communication.ApiPipeHandler#2] REQ-3 | Sending UpdateLicenseResponse for request UpdateLicenseRequest from UnityEditor/6000.0.41f1 (Linux; U; Linux 6.1; en_US) (LocalIPC/1.16.2) [200]:  Licenses updated.
2025-07-24 04:25:34.811 - [ 13574] - [     3] - INFO  - [Unity.Licensing.Client.Communication.Controllers.EntitlementDetailsController] Finished handling EntitlementDetails request
2025-07-24 04:25:34.813 - [ 13574] - [     3] - INFO  - [Unity.Licensing.Client.Communication.ApiPipeHandler#2] REQ-4 | Sending EntitlementDetailsResponse for request EntitlementDetailsRequest from UnityEditor/6000.0.41f1 (Linux; U; Linux 6.1; en_US) (LocalIPC/1.16.2) [200]:  Found 1 entitlement groups and 0 free entitlements matching requested entitlement ids
2025-07-24 04:25:35.359 - [ 13574] - [     3] - INFO  - [Unity.Licensing.Client.Communication.Controllers.EntitlementDetailsController] Finished handling EntitlementDetails request
2025-07-24 04:25:35.359 - [ 13574] - [     3] - INFO  - [Unity.Licensing.Client.Communication.ApiPipeHandler#2] REQ-5 | Sending EntitlementDetailsResponse for request EntitlementDetailsRequest from UnityEditor/6000.0.41f1 (Linux; U; Linux 6.1; en_US) (LocalIPC/1.16.2) [200]:  Found 1 entitlement groups and 0 free entitlements matching requested entitlement ids
2025-07-24 04:25:47.121 - [ 13574] - [     3] - INFO  - [Unity.Licensing.Client.Communication.Controllers.EntitlementDetailsController] Finished handling EntitlementDetails request
2025-07-24 04:25:47.121 - [ 13574] - [     3] - INFO  - [Unity.Licensing.Client.Communication.ApiPipeHandler#2] REQ-6 | Sending EntitlementDetailsResponse for request EntitlementDetailsRequest from UnityEditor/6000.0.41f1 (Linux; U; Linux 6.1; en_US) (LocalIPC/1.16.2) [200]:  Found 0 entitlement groups and 65 free entitlements matching requested entitlement ids
2025-07-24 04:26:00.602 - [ 13574] - [     3] - INFO  - [Unity.Licensing.Client.Communication.Controllers.EntitlementDetailsController] Finished handling EntitlementDetails request
2025-07-24 04:26:00.602 - [ 13574] - [     3] - INFO  - [Unity.Licensing.Client.Communication.ApiPipeHandler#2] REQ-7 | Sending EntitlementDetailsResponse for request EntitlementDetailsRequest from UnityEditor/6000.0.41f1 (Linux; U; Linux 6.1; en_US) (LocalIPC/1.16.2) [200]:  Found 1 entitlement groups and 0 free entitlements matching requested entitlement ids
2025-07-24 04:26:07.666 - [ 13574] - [     3] - INFO  - [Unity.Licensing.Client.Communication.Controllers.EntitlementDetailsController] Finished handling EntitlementDetails request
2025-07-24 04:26:07.666 - [ 13574] - [     3] - INFO  - [Unity.Licensing.Client.Communication.ApiPipeHandler#2] REQ-8 | Sending EntitlementDetailsResponse for request EntitlementDetailsRequest from UnityEditor/6000.0.41f1 (Linux; U; Linux 6.1; en_US) (LocalIPC/1.16.2) [200]:  Found 0 entitlement groups and 1 free entitlements matching requested entitlement ids
2025-07-24 04:26:07.867 - [ 13574] - [     3] - INFO  - [Unity.Licensing.Client.Communication.Controllers.EntitlementDetailsController] Finished handling EntitlementDetails request
2025-07-24 04:26:07.867 - [ 13574] - [     3] - INFO  - [Unity.Licensing.Client.Communication.ApiPipeHandler#2] REQ-9 | Sending EntitlementDetailsResponse for request EntitlementDetailsRequest from UnityEditor/6000.0.41f1 (Linux; U; Linux 6.1; en_US) (LocalIPC/1.16.2) [200]:  Found 1 entitlement groups and 0 free entitlements matching requested entitlement ids
2025-07-24 04:26:08.293 - [ 13574] - [     3] - INFO  - [Unity.Licensing.Client.Communication.Controllers.EntitlementDetailsController] Finished handling EntitlementDetails request
2025-07-24 04:26:08.293 - [ 13574] - [     3] - INFO  - [Unity.Licensing.Client.Communication.ApiPipeHandler#2] REQ-10 | Sending EntitlementDetailsResponse for request EntitlementDetailsRequest from UnityEditor/6000.0.41f1 (Linux; U; Linux 6.1; en_US) (LocalIPC/1.16.2) [200]:  Found 0 entitlement groups and 68 free entitlements matching requested entitlement ids
2025-07-24 04:26:55.804 - [ 13574] - [     3] - INFO  - [Unity.Licensing.Client.Communication.Controllers.EntitlementDetailsController] Finished handling EntitlementDetails request
2025-07-24 04:26:55.804 - [ 13574] - [     3] - INFO  - [Unity.Licensing.Client.Communication.ApiPipeHandler#2] REQ-11 | Sending EntitlementDetailsResponse for request EntitlementDetailsRequest from UnityEditor/6000.0.41f1 (Linux; U; Linux 6.1; en_US) (LocalIPC/1.16.2) [200]:  Found 1 entitlement groups and 0 free entitlements matching requested entitlement ids
2025-07-24 04:26:57.131 - [ 13574] - [     3] - INFO  - [Unity.Licensing.Client.Communication.Controllers.EntitlementDetailsController] Finished handling EntitlementDetails request
2025-07-24 04:26:57.131 - [ 13574] - [     3] - INFO  - [Unity.Licensing.Client.Communication.ApiPipeHandler#2] REQ-12 | Sending EntitlementDetailsResponse for request EntitlementDetailsRequest from UnityEditor/6000.0.41f1 (Linux; U; Linux 6.1; en_US) (LocalIPC/1.16.2) [200]:  Found 1 entitlement groups and 0 free entitlements matching requested entitlement ids
2025-07-24 04:27:06.068 - [ 13574] - [     3] - INFO  - [Unity.Licensing.Client.Communication.Controllers.EntitlementDetailsController] Finished handling EntitlementDetails request
2025-07-24 04:27:06.068 - [ 13574] - [     3] - INFO  - [Unity.Licensing.Client.Communication.ApiPipeHandler#2] REQ-13 | Sending EntitlementDetailsResponse for request EntitlementDetailsRequest from UnityEditor/6000.0.41f1 (Linux; U; Linux 6.1; en_US) (LocalIPC/1.16.2) [200]:  Found 0 entitlement groups and 69 free entitlements matching requested entitlement ids
2025-07-24 04:27:07.269 - [ 13574] - [     3] - INFO  - [Unity.Licensing.Client.Communication.Controllers.AccessTokenController] Got access token (expires in 31535999 seconds)
2025-07-24 04:27:07.269 - [ 13574] - [     3] - INFO  - [Unity.Licensing.Client.Communication.ApiPipeHandler#2] REQ-14 | Sending AccessTokenResponse for request AccessTokenRequest from UnityEditor/6000.0.41f1 (Linux; U; Linux 6.1; en_US) (LocalIPC/1.16.2) [200]:  (null)
2025-07-24 04:27:08.362 - [ 13574] - [     3] - INFO  - [Unity.Licensing.Client.Communication.Controllers.AccessTokenController] Got access token (expires in 31535999 seconds)
2025-07-24 04:27:08.362 - [ 13574] - [     3] - INFO  - [Unity.Licensing.Client.Communication.ApiPipeHandler#2] REQ-15 | Sending AccessTokenResponse for request AccessTokenRequest from UnityEditor/6000.0.41f1 (Linux; U; Linux 6.1; en_US) (LocalIPC/1.16.2) [200]:  (null)
2025-07-24 04:28:03.218 - [ 13574] - [     3] - INFO  - [Unity.Licensing.Client.Communication.Controllers.EntitlementDetailsController] Finished handling EntitlementDetails request
2025-07-24 04:28:03.218 - [ 13574] - [     3] - INFO  - [Unity.Licensing.Client.Communication.ApiPipeHandler#2] REQ-16 | Sending EntitlementDetailsResponse for request EntitlementDetailsRequest from UnityEditor/6000.0.41f1 (Linux; U; Linux 6.1; en_US) (LocalIPC/1.16.2) [200]:  Found 0 entitlement groups and 165 free entitlements matching requested entitlement ids
2025-07-24 04:28:03.409 - [ 13574] - [     3] - INFO  - [Unity.Licensing.Client.Communication.Controllers.EntitlementDetailsController] Finished handling EntitlementDetails request
2025-07-24 04:28:03.409 - [ 13574] - [     3] - INFO  - [Unity.Licensing.Client.Communication.ApiPipeHandler#2] REQ-17 | Sending EntitlementDetailsResponse for request EntitlementDetailsRequest from UnityEditor/6000.0.41f1 (Linux; U; Linux 6.1; en_US) (LocalIPC/1.16.2) [200]:  Found 0 entitlement groups and 175 free entitlements matching requested entitlement ids
2025-07-24 04:28:38.500 - [ 13574] - [    23] - INFO  - [Unity.Licensing.Client.Communication.Notifications.NotificationsPipeHandler#2] Notification channel with sessionId: 3771aaae1248413ea754622de98c5e50 is shutting down
2025-07-24 04:28:38.500 - [ 13574] - [    23] - INFO  - [Unity.Licensing.Client.Communication.Notifications.NotificationsPipeServer] Connection closed (pipe #2)
2025-07-24 04:28:38.500 - [ 13574] - [     3] - INFO  - [Unity.Licensing.Client.Communication.ApiPipeHandler#2] Detected client disconnect
2025-07-24 04:28:38.500 - [ 13574] - [     3] - INFO  - [Unity.Licensing.Client.Communication.ApiPipeHandler#2] End accepting requests
2025-07-24 04:28:38.500 - [ 13574] - [     3] - INFO  - [Unity.Licensing.Client.MultiClientPipeServer] Connection closed (pipe #2)
2025-07-24 04:28:38.501 - [ 13574] - [     3] - INFO  - [Unity.Licensing.Client.Communication.ApiPipeHandler#2] Disposing named pipe
2025-07-24 04:28:38.501 - [ 13574] - [     3] - INFO  - [Unity.Licensing.Client.Communication.ApiPipeHandler#2] Disposing named pipe
